{"/home/travis/build/npmtest/node-npmtest-level-store/test.js":{"path":"/home/travis/build/npmtest/node-npmtest-level-store/test.js","s":{"1":2,"2":2,"3":2,"4":2,"5":2,"6":2,"7":2,"8":1,"9":2,"10":2,"11":1,"12":1,"13":1,"14":1,"15":2,"16":2,"17":2,"18":2,"19":1,"20":1,"21":2,"22":2,"23":2,"24":1,"25":1,"26":1,"27":1,"28":1,"29":1,"30":1,"31":1,"32":1,"33":1,"34":1,"35":1,"36":1,"37":1,"38":1,"39":2,"40":2,"41":1,"42":2,"43":2,"44":1,"45":2,"46":2,"47":1,"48":2,"49":2,"50":1,"51":1,"52":1,"53":1,"54":1},"b":{"1":[2,1,1,1],"2":[1,1,1,1],"3":[1,1],"4":[1,1],"5":[1,1],"6":[1,1],"7":[1,1],"8":[1,1],"9":[1,1],"10":[1,1,1],"11":[1,1],"12":[1,1],"13":[1,1],"14":[1,1],"15":[1,1],"16":[1,1],"17":[1,1]},"f":{"1":2,"2":2,"3":2,"4":2,"5":2,"6":1,"7":1,"8":1,"9":2,"10":2,"11":2,"12":2,"13":1},"fnMap":{"1":{"name":"(anonymous_1)","line":12,"loc":{"start":{"line":12,"column":1},"end":{"line":12,"column":13}}},"2":{"name":"(anonymous_2)","line":19,"loc":{"start":{"line":19,"column":5},"end":{"line":19,"column":17}}},"3":{"name":"(anonymous_3)","line":23,"loc":{"start":{"line":23,"column":24},"end":{"line":23,"column":36}}},"4":{"name":"(anonymous_4)","line":61,"loc":{"start":{"line":61,"column":5},"end":{"line":61,"column":17}}},"5":{"name":"(anonymous_5)","line":82,"loc":{"start":{"line":82,"column":5},"end":{"line":82,"column":17}}},"6":{"name":"(anonymous_6)","line":91,"loc":{"start":{"line":91,"column":77},"end":{"line":94,"column":10}}},"7":{"name":"(anonymous_7)","line":112,"loc":{"start":{"line":112,"column":83},"end":{"line":115,"column":10}},"skip":true},"8":{"name":"(anonymous_8)","line":123,"loc":{"start":{"line":123,"column":77},"end":{"line":126,"column":10}},"skip":true},"9":{"name":"(anonymous_9)","line":139,"loc":{"start":{"line":139,"column":12},"end":{"line":139,"column":40}},"skip":true},"10":{"name":"(anonymous_10)","line":147,"loc":{"start":{"line":147,"column":77},"end":{"line":150,"column":10}},"skip":true},"11":{"name":"(anonymous_11)","line":158,"loc":{"start":{"line":158,"column":83},"end":{"line":161,"column":10}},"skip":true},"12":{"name":"(anonymous_12)","line":169,"loc":{"start":{"line":169,"column":79},"end":{"line":172,"column":10}},"skip":true},"13":{"name":"(anonymous_13)","line":180,"loc":{"start":{"line":180,"column":75},"end":{"line":183,"column":10}},"skip":true}},"statementMap":{"1":{"start":{"line":12,"column":0},"end":{"line":195,"column":5}},"2":{"start":{"line":14,"column":4},"end":{"line":14,"column":14}},"3":{"start":{"line":19,"column":4},"end":{"line":56,"column":9}},"4":{"start":{"line":21,"column":8},"end":{"line":21,"column":19}},"5":{"start":{"line":23,"column":8},"end":{"line":35,"column":13}},"6":{"start":{"line":24,"column":12},"end":{"line":34,"column":13}},"7":{"start":{"line":25,"column":16},"end":{"line":28,"column":30}},"8":{"start":{"line":30,"column":16},"end":{"line":33,"column":27}},"9":{"start":{"line":37,"column":8},"end":{"line":39,"column":21}},"10":{"start":{"line":40,"column":8},"end":{"line":53,"column":9}},"11":{"start":{"line":43,"column":12},"end":{"line":46,"column":14}},"12":{"start":{"line":47,"column":12},"end":{"line":47,"column":18}},"13":{"start":{"line":50,"column":12},"end":{"line":51,"column":33}},"14":{"start":{"line":52,"column":12},"end":{"line":52,"column":18}},"15":{"start":{"line":55,"column":8},"end":{"line":55,"column":35}},"16":{"start":{"line":61,"column":4},"end":{"line":63,"column":9}},"17":{"start":{"line":62,"column":8},"end":{"line":62,"column":15}},"18":{"start":{"line":64,"column":4},"end":{"line":77,"column":5}},"19":{"start":{"line":70,"column":8},"end":{"line":70,"column":14}},"20":{"start":{"line":76,"column":8},"end":{"line":76,"column":14}},"21":{"start":{"line":82,"column":4},"end":{"line":84,"column":9}},"22":{"start":{"line":83,"column":8},"end":{"line":83,"column":15}},"23":{"start":{"line":85,"column":4},"end":{"line":194,"column":5}},"24":{"start":{"line":91,"column":8},"end":{"line":99,"column":10}},"25":{"start":{"line":98,"column":12},"end":{"line":98,"column":35}},"26":{"start":{"line":102,"column":8},"end":{"line":104,"column":63}},"27":{"start":{"line":105,"column":8},"end":{"line":105,"column":14}},"28":{"start":{"line":112,"column":8},"end":{"line":121,"column":10},"skip":true},"29":{"start":{"line":119,"column":12},"end":{"line":119,"column":55},"skip":true},"30":{"start":{"line":120,"column":12},"end":{"line":120,"column":48},"skip":true},"31":{"start":{"line":123,"column":8},"end":{"line":136,"column":10},"skip":true},"32":{"start":{"line":130,"column":12},"end":{"line":130,"column":76},"skip":true},"33":{"start":{"line":131,"column":12},"end":{"line":131,"column":73},"skip":true},"34":{"start":{"line":132,"column":12},"end":{"line":132,"column":74},"skip":true},"35":{"start":{"line":133,"column":12},"end":{"line":133,"column":79},"skip":true},"36":{"start":{"line":134,"column":12},"end":{"line":134,"column":25},"skip":true},"37":{"start":{"line":135,"column":12},"end":{"line":135,"column":45},"skip":true},"38":{"start":{"line":138,"column":8},"end":{"line":145,"column":14},"skip":true},"39":{"start":{"line":143,"column":16},"end":{"line":143,"column":29},"skip":true},"40":{"start":{"line":144,"column":16},"end":{"line":144,"column":55},"skip":true},"41":{"start":{"line":147,"column":8},"end":{"line":156,"column":10},"skip":true},"42":{"start":{"line":154,"column":12},"end":{"line":154,"column":25},"skip":true},"43":{"start":{"line":155,"column":12},"end":{"line":155,"column":45},"skip":true},"44":{"start":{"line":158,"column":8},"end":{"line":167,"column":10},"skip":true},"45":{"start":{"line":165,"column":12},"end":{"line":165,"column":25},"skip":true},"46":{"start":{"line":166,"column":12},"end":{"line":166,"column":48},"skip":true},"47":{"start":{"line":169,"column":8},"end":{"line":178,"column":10},"skip":true},"48":{"start":{"line":176,"column":12},"end":{"line":176,"column":25},"skip":true},"49":{"start":{"line":177,"column":12},"end":{"line":177,"column":46},"skip":true},"50":{"start":{"line":180,"column":8},"end":{"line":189,"column":10},"skip":true},"51":{"start":{"line":187,"column":12},"end":{"line":187,"column":94},"skip":true},"52":{"start":{"line":188,"column":12},"end":{"line":188,"column":48},"skip":true},"53":{"start":{"line":192,"column":8},"end":{"line":192,"column":35},"skip":true},"54":{"start":{"line":193,"column":8},"end":{"line":193,"column":14},"skip":true}},"branchMap":{"1":{"line":25,"type":"binary-expr","locations":[{"start":{"line":25,"column":23},"end":{"line":25,"column":62}},{"start":{"line":26,"column":20},"end":{"line":26,"column":70}},{"start":{"line":27,"column":20},"end":{"line":27,"column":71}},{"start":{"line":28,"column":20},"end":{"line":28,"column":29}}]},"2":{"line":30,"type":"binary-expr","locations":[{"start":{"line":30,"column":23},"end":{"line":30,"column":37}},{"start":{"line":31,"column":20},"end":{"line":31,"column":61}},{"start":{"line":32,"column":20},"end":{"line":32,"column":70}},{"start":{"line":33,"column":20},"end":{"line":33,"column":26}}]},"3":{"line":37,"type":"cond-expr","locations":[{"start":{"line":38,"column":14},"end":{"line":38,"column":20}},{"start":{"line":39,"column":14},"end":{"line":39,"column":20}}]},"4":{"line":40,"type":"switch","locations":[{"start":{"line":42,"column":8},"end":{"line":47,"column":18}},{"start":{"line":49,"column":8},"end":{"line":52,"column":18}}]},"5":{"line":44,"type":"binary-expr","locations":[{"start":{"line":44,"column":16},"end":{"line":44,"column":44}},{"start":{"line":44,"column":48},"end":{"line":44,"column":66}}]},"6":{"line":50,"type":"binary-expr","locations":[{"start":{"line":50,"column":21},"end":{"line":50,"column":49}},{"start":{"line":50,"column":53},"end":{"line":50,"column":72}}]},"7":{"line":64,"type":"switch","locations":[{"start":{"line":69,"column":4},"end":{"line":70,"column":14}},{"start":{"line":75,"column":4},"end":{"line":76,"column":14}}]},"8":{"line":85,"type":"switch","locations":[{"start":{"line":90,"column":4},"end":{"line":105,"column":14}},{"start":{"line":111,"column":4},"end":{"line":193,"column":14},"skip":true}]},"9":{"line":91,"type":"binary-expr","locations":[{"start":{"line":91,"column":42},"end":{"line":91,"column":73}},{"start":{"line":91,"column":77},"end":{"line":99,"column":9}}]},"10":{"line":102,"type":"binary-expr","locations":[{"start":{"line":102,"column":18},"end":{"line":102,"column":32}},{"start":{"line":103,"column":12},"end":{"line":103,"column":53}},{"start":{"line":104,"column":12},"end":{"line":104,"column":61}}]},"11":{"line":112,"type":"binary-expr","locations":[{"start":{"line":112,"column":45},"end":{"line":112,"column":79},"skip":true},{"start":{"line":112,"column":83},"end":{"line":121,"column":9},"skip":true}]},"12":{"line":123,"type":"binary-expr","locations":[{"start":{"line":123,"column":42},"end":{"line":123,"column":73},"skip":true},{"start":{"line":123,"column":77},"end":{"line":136,"column":9},"skip":true}]},"13":{"line":138,"type":"binary-expr","locations":[{"start":{"line":138,"column":48},"end":{"line":138,"column":85},"skip":true},{"start":{"line":139,"column":12},"end":{"line":145,"column":13},"skip":true}]},"14":{"line":147,"type":"binary-expr","locations":[{"start":{"line":147,"column":42},"end":{"line":147,"column":73},"skip":true},{"start":{"line":147,"column":77},"end":{"line":156,"column":9},"skip":true}]},"15":{"line":158,"type":"binary-expr","locations":[{"start":{"line":158,"column":45},"end":{"line":158,"column":79},"skip":true},{"start":{"line":158,"column":83},"end":{"line":167,"column":9},"skip":true}]},"16":{"line":169,"type":"binary-expr","locations":[{"start":{"line":169,"column":43},"end":{"line":169,"column":75},"skip":true},{"start":{"line":169,"column":79},"end":{"line":178,"column":9},"skip":true}]},"17":{"line":180,"type":"binary-expr","locations":[{"start":{"line":180,"column":41},"end":{"line":180,"column":71},"skip":true},{"start":{"line":180,"column":75},"end":{"line":189,"column":9},"skip":true}]}},"code":["/* istanbul instrument in package npmtest_level_store */","/*jslint","    bitwise: true,","    browser: true,","    maxerr: 8,","    maxlen: 96,","    node: true,","    nomen: true,","    regexp: true,","    stupid: true","*/","(function () {","    'use strict';","    var local;","","","","    // run shared js-env code - pre-init","    (function () {","        // init local","        local = {};","        // init modeJs","        local.modeJs = (function () {","            try {","                return typeof navigator.userAgent === 'string' &&","                    typeof document.querySelector('body') === 'object' &&","                    typeof XMLHttpRequest.prototype.open === 'function' &&","                    'browser';","            } catch (errorCaughtBrowser) {","                return module.exports &&","                    typeof process.versions.node === 'string' &&","                    typeof require('http').createServer === 'function' &&","                    'node';","            }","        }());","        // init global","        local.global = local.modeJs === 'browser'","            ? window","            : global;","        switch (local.modeJs) {","        // re-init local from window.local","        case 'browser':","            local = local.global.utility2.objectSetDefault(","                local.global.utility2_rollup || local.global.local,","                local.global.utility2","            );","            break;","        // re-init local from example.js","        case 'node':","            local = (local.global.utility2_rollup || require('utility2'))","                .requireReadme();","            break;","        }","        // export local","        local.global.local = local;","    }());","","","","    // run shared js-env code - function","    (function () {","        return;","    }());","    switch (local.modeJs) {","","","","    // run browser js-env code - function","    case 'browser':","        break;","","","","    // run node js-env code - function","    case 'node':","        break;","    }","","","","    // run shared js-env code - post-init","    (function () {","        return;","    }());","    switch (local.modeJs) {","","","","    // run browser js-env code - post-init","    case 'browser':","        local.testCase_browser_nullCase = local.testCase_browser_nullCase || function (","            options,","            onError","        ) {","        /*","         * this function will test browsers's null-case handling-behavior-behavior","         */","            onError(null, options);","        };","","        // run tests","        local.nop(local.modeTest &&","            document.querySelector('#testRunButton1') &&","            document.querySelector('#testRunButton1').click());","        break;","","","","    // run node js-env code - post-init","    /* istanbul ignore next */","    case 'node':","        local.testCase_buildApidoc_default = local.testCase_buildApidoc_default || function (","            options,","            onError","        ) {","        /*","         * this function will test buildApidoc's default handling-behavior-behavior","         */","            options = { modulePathList: module.paths };","            local.buildApidoc(options, onError);","        };","","        local.testCase_buildApp_default = local.testCase_buildApp_default || function (","            options,","            onError","        ) {","        /*","         * this function will test buildApp's default handling-behavior-behavior","         */","            local.testCase_buildReadme_default(options, local.onErrorThrow);","            local.testCase_buildLib_default(options, local.onErrorThrow);","            local.testCase_buildTest_default(options, local.onErrorThrow);","            local.testCase_buildCustomOrg_default(options, local.onErrorThrow);","            options = [];","            local.buildApp(options, onError);","        };","","        local.testCase_buildCustomOrg_default = local.testCase_buildCustomOrg_default ||","            function (options, onError) {","            /*","             * this function will test buildCustomOrg's default handling-behavior","             */","                options = {};","                local.buildCustomOrg(options, onError);","            };","","        local.testCase_buildLib_default = local.testCase_buildLib_default || function (","            options,","            onError","        ) {","        /*","         * this function will test buildLib's default handling-behavior","         */","            options = {};","            local.buildLib(options, onError);","        };","","        local.testCase_buildReadme_default = local.testCase_buildReadme_default || function (","            options,","            onError","        ) {","        /*","         * this function will test buildReadme's default handling-behavior-behavior","         */","            options = {};","            local.buildReadme(options, onError);","        };","","        local.testCase_buildTest_default = local.testCase_buildTest_default || function (","            options,","            onError","        ) {","        /*","         * this function will test buildTest's default handling-behavior","         */","            options = {};","            local.buildTest(options, onError);","        };","","        local.testCase_webpage_default = local.testCase_webpage_default || function (","            options,","            onError","        ) {","        /*","         * this function will test webpage's default handling-behavior","         */","            options = { modeCoverageMerge: true, url: local.serverLocalHost + '?modeTest=1' };","            local.browserTest(options, onError);","        };","","        // run test-server","        local.testRunServer(local);","        break;","    }","}());",""],"l":{"12":2,"14":2,"19":2,"21":2,"23":2,"24":2,"25":2,"30":1,"37":2,"40":2,"43":1,"47":1,"50":1,"52":1,"55":2,"61":2,"62":2,"64":2,"70":1,"76":1,"82":2,"83":2,"85":2,"91":1,"98":1,"102":1,"105":1,"112":1,"119":1,"120":1,"123":1,"130":1,"131":1,"132":1,"133":1,"134":1,"135":1,"138":1,"143":2,"144":2,"147":1,"154":2,"155":2,"158":1,"165":2,"166":2,"169":1,"176":2,"177":2,"180":1,"187":1,"188":1,"192":1,"193":1}},"/home/travis/build/npmtest/node-npmtest-level-store/lib.npmtest_level_store.js":{"path":"/home/travis/build/npmtest/node-npmtest-level-store/lib.npmtest_level_store.js","s":{"1":2,"2":2,"3":2,"4":2,"5":2,"6":2,"7":2,"8":1,"9":2,"10":2,"11":2,"12":2,"13":1,"14":1,"15":1,"16":1},"b":{"1":[2,1,1,1],"2":[1,1,1,1],"3":[1,1],"4":[2,2],"5":[1,1]},"f":{"1":2,"2":2,"3":2},"fnMap":{"1":{"name":"(anonymous_1)","line":12,"loc":{"start":{"line":12,"column":1},"end":{"line":12,"column":13}}},"2":{"name":"(anonymous_2)","line":19,"loc":{"start":{"line":19,"column":5},"end":{"line":19,"column":17}}},"3":{"name":"(anonymous_3)","line":23,"loc":{"start":{"line":23,"column":24},"end":{"line":23,"column":36}}}},"statementMap":{"1":{"start":{"line":12,"column":0},"end":{"line":53,"column":5}},"2":{"start":{"line":14,"column":4},"end":{"line":14,"column":14}},"3":{"start":{"line":19,"column":4},"end":{"line":52,"column":9}},"4":{"start":{"line":21,"column":8},"end":{"line":21,"column":19}},"5":{"start":{"line":23,"column":8},"end":{"line":35,"column":13}},"6":{"start":{"line":24,"column":12},"end":{"line":34,"column":13}},"7":{"start":{"line":25,"column":16},"end":{"line":28,"column":30}},"8":{"start":{"line":30,"column":16},"end":{"line":33,"column":27}},"9":{"start":{"line":37,"column":8},"end":{"line":39,"column":21}},"10":{"start":{"line":41,"column":8},"end":{"line":41,"column":54}},"11":{"start":{"line":43,"column":8},"end":{"line":43,"column":56}},"12":{"start":{"line":45,"column":8},"end":{"line":51,"column":9}},"13":{"start":{"line":46,"column":12},"end":{"line":46,"column":62}},"14":{"start":{"line":48,"column":12},"end":{"line":48,"column":35}},"15":{"start":{"line":49,"column":12},"end":{"line":49,"column":49}},"16":{"start":{"line":50,"column":12},"end":{"line":50,"column":43}}},"branchMap":{"1":{"line":25,"type":"binary-expr","locations":[{"start":{"line":25,"column":23},"end":{"line":25,"column":62}},{"start":{"line":26,"column":20},"end":{"line":26,"column":70}},{"start":{"line":27,"column":20},"end":{"line":27,"column":71}},{"start":{"line":28,"column":20},"end":{"line":28,"column":29}}]},"2":{"line":30,"type":"binary-expr","locations":[{"start":{"line":30,"column":23},"end":{"line":30,"column":37}},{"start":{"line":31,"column":20},"end":{"line":31,"column":61}},{"start":{"line":32,"column":20},"end":{"line":32,"column":70}},{"start":{"line":33,"column":20},"end":{"line":33,"column":26}}]},"3":{"line":37,"type":"cond-expr","locations":[{"start":{"line":38,"column":14},"end":{"line":38,"column":20}},{"start":{"line":39,"column":14},"end":{"line":39,"column":20}}]},"4":{"line":41,"type":"binary-expr","locations":[{"start":{"line":41,"column":16},"end":{"line":41,"column":44}},{"start":{"line":41,"column":48},"end":{"line":41,"column":53}}]},"5":{"line":45,"type":"if","locations":[{"start":{"line":45,"column":8},"end":{"line":45,"column":8}},{"start":{"line":45,"column":8},"end":{"line":45,"column":8}}]}},"code":["/* istanbul instrument in package npmtest_level_store */","/*jslint","    bitwise: true,","    browser: true,","    maxerr: 8,","    maxlen: 96,","    node: true,","    nomen: true,","    regexp: true,","    stupid: true","*/","(function () {","    'use strict';","    var local;","","","","    // run shared js-env code - pre-init","    (function () {","        // init local","        local = {};","        // init modeJs","        local.modeJs = (function () {","            try {","                return typeof navigator.userAgent === 'string' &&","                    typeof document.querySelector('body') === 'object' &&","                    typeof XMLHttpRequest.prototype.open === 'function' &&","                    'browser';","            } catch (errorCaughtBrowser) {","                return module.exports &&","                    typeof process.versions.node === 'string' &&","                    typeof require('http').createServer === 'function' &&","                    'node';","            }","        }());","        // init global","        local.global = local.modeJs === 'browser'","            ? window","            : global;","        // init utility2_rollup","        local = local.global.utility2_rollup || local;","        // init lib","        local.local = local.npmtest_level_store = local;","        // init exports","        if (local.modeJs === 'browser') {","            local.global.utility2_npmtest_level_store = local;","        } else {","            module.exports = local;","            module.exports.__dirname = __dirname;","            module.exports.module = module;","        }","    }());","}());",""],"l":{"12":2,"14":2,"19":2,"21":2,"23":2,"24":2,"25":2,"30":1,"37":2,"41":2,"43":2,"45":2,"46":1,"48":1,"49":1,"50":1}},"/home/travis/build/npmtest/node-npmtest-level-store/example.js":{"path":"/home/travis/build/npmtest/node-npmtest-level-store/example.js","s":{"1":2,"2":2,"3":2,"4":2,"5":2,"6":2,"7":2,"8":1,"9":2,"10":2,"11":2,"12":2,"13":1,"14":2,"15":2,"16":2,"17":2,"18":2,"19":0,"20":2,"21":1,"22":1,"23":1,"24":1,"25":1,"26":0,"27":0,"28":1,"29":1,"30":2,"31":0,"32":0,"33":0,"34":1,"35":2,"36":2,"37":3,"38":3,"39":3,"40":3,"41":0,"42":3,"43":3,"44":3,"45":1,"46":3,"47":1,"48":1,"49":1,"50":1,"51":1,"52":1,"53":1,"54":1,"55":1,"56":1,"57":0,"58":1,"59":6,"60":6,"61":1,"62":2,"63":0,"64":2,"65":1,"66":1,"67":0,"68":0,"69":0,"70":0,"71":0,"72":0,"73":0,"74":0,"75":0,"76":0,"77":0,"78":0,"79":0,"80":0,"81":0,"82":0,"83":0},"b":{"1":[2,1,1,1],"2":[1,1,1,1],"3":[1,1],"4":[2,2],"5":[1,1],"6":[1,1],"7":[2,0],"8":[2,1,1,1,1,1],"9":[0,2,0],"10":[1,1],"11":[2,1,1],"12":[1,0],"13":[0,2],"14":[2,0,0,0,0,0,0],"15":[0,3],"16":[3,0],"17":[1,1],"18":[0,1],"19":[1,2,0,2],"20":[1,0],"21":[1,1],"22":[0,0],"23":[0,0],"24":[0,0],"25":[0,0],"26":[0,0],"27":[0,0],"28":[0,0]},"f":{"1":2,"2":2,"3":2,"4":2,"5":2,"6":2,"7":3,"8":3,"9":3,"10":1,"11":6,"12":0},"fnMap":{"1":{"name":"(anonymous_1)","line":26,"loc":{"start":{"line":26,"column":1},"end":{"line":26,"column":13}}},"2":{"name":"(anonymous_2)","line":33,"loc":{"start":{"line":33,"column":5},"end":{"line":33,"column":17}}},"3":{"name":"(anonymous_3)","line":37,"loc":{"start":{"line":37,"column":24},"end":{"line":37,"column":36}}},"4":{"name":"(anonymous_4)","line":69,"loc":{"start":{"line":69,"column":31},"end":{"line":69,"column":48}},"skip":true},"5":{"name":"(anonymous_5)","line":78,"loc":{"start":{"line":78,"column":26},"end":{"line":78,"column":45}},"skip":true},"6":{"name":"(anonymous_6)","line":123,"loc":{"start":{"line":123,"column":33},"end":{"line":123,"column":48}},"skip":true},"7":{"name":"(anonymous_7)","line":125,"loc":{"start":{"line":125,"column":27},"end":{"line":125,"column":39}},"skip":true},"8":{"name":"(anonymous_8)","line":133,"loc":{"start":{"line":133,"column":59},"end":{"line":133,"column":74}},"skip":true},"9":{"name":"(anonymous_9)","line":143,"loc":{"start":{"line":143,"column":45},"end":{"line":143,"column":62}},"skip":true},"10":{"name":"(anonymous_10)","line":144,"loc":{"start":{"line":144,"column":73},"end":{"line":144,"column":92}},"skip":true},"11":{"name":"(anonymous_11)","line":272,"loc":{"start":{"line":272,"column":51},"end":{"line":272,"column":77}},"skip":true},"12":{"name":"(anonymous_12)","line":315,"loc":{"start":{"line":315,"column":32},"end":{"line":315,"column":61}},"skip":true}},"statementMap":{"1":{"start":{"line":26,"column":0},"end":{"line":326,"column":5}},"2":{"start":{"line":28,"column":4},"end":{"line":28,"column":14}},"3":{"start":{"line":33,"column":4},"end":{"line":60,"column":9}},"4":{"start":{"line":35,"column":8},"end":{"line":35,"column":19}},"5":{"start":{"line":37,"column":8},"end":{"line":49,"column":13}},"6":{"start":{"line":38,"column":12},"end":{"line":48,"column":13}},"7":{"start":{"line":39,"column":16},"end":{"line":42,"column":30}},"8":{"start":{"line":44,"column":16},"end":{"line":47,"column":27}},"9":{"start":{"line":51,"column":8},"end":{"line":53,"column":21}},"10":{"start":{"line":55,"column":8},"end":{"line":57,"column":45}},"11":{"start":{"line":59,"column":8},"end":{"line":59,"column":35}},"12":{"start":{"line":61,"column":4},"end":{"line":325,"column":5}},"13":{"start":{"line":69,"column":8},"end":{"line":121,"column":10},"skip":true},"14":{"start":{"line":70,"column":12},"end":{"line":88,"column":13},"skip":true},"15":{"start":{"line":76,"column":16},"end":{"line":87,"column":19},"skip":true},"16":{"start":{"line":79,"column":20},"end":{"line":86,"column":21},"skip":true},"17":{"start":{"line":82,"column":24},"end":{"line":82,"column":43},"skip":true},"18":{"start":{"line":83,"column":24},"end":{"line":83,"column":30},"skip":true},"19":{"start":{"line":85,"column":24},"end":{"line":85,"column":49},"skip":true},"20":{"start":{"line":89,"column":12},"end":{"line":107,"column":13},"skip":true},"21":{"start":{"line":92,"column":16},"end":{"line":102,"column":17},"skip":true},"22":{"start":{"line":93,"column":20},"end":{"line":93,"column":86},"skip":true},"23":{"start":{"line":94,"column":20},"end":{"line":95,"column":45},"skip":true},"24":{"start":{"line":96,"column":20},"end":{"line":96,"column":42},"skip":true},"25":{"start":{"line":97,"column":20},"end":{"line":97,"column":48},"skip":true},"26":{"start":{"line":100,"column":20},"end":{"line":100,"column":85},"skip":true},"27":{"start":{"line":101,"column":20},"end":{"line":101,"column":96},"skip":true},"28":{"start":{"line":103,"column":16},"end":{"line":103,"column":22},"skip":true},"29":{"start":{"line":106,"column":16},"end":{"line":106,"column":22},"skip":true},"30":{"start":{"line":108,"column":12},"end":{"line":120,"column":13},"skip":true},"31":{"start":{"line":114,"column":16},"end":{"line":119,"column":17},"skip":true},"32":{"start":{"line":116,"column":20},"end":{"line":116,"column":78},"skip":true},"33":{"start":{"line":118,"column":20},"end":{"line":118,"column":47},"skip":true},"34":{"start":{"line":123,"column":8},"end":{"line":141,"column":11},"skip":true},"35":{"start":{"line":124,"column":12},"end":{"line":124,"column":54},"skip":true},"36":{"start":{"line":125,"column":12},"end":{"line":140,"column":14},"skip":true},"37":{"start":{"line":126,"column":16},"end":{"line":126,"column":28},"skip":true},"38":{"start":{"line":127,"column":16},"end":{"line":127,"column":69},"skip":true},"39":{"start":{"line":128,"column":16},"end":{"line":128,"column":75},"skip":true},"40":{"start":{"line":129,"column":16},"end":{"line":131,"column":17},"skip":true},"41":{"start":{"line":130,"column":20},"end":{"line":130,"column":27},"skip":true},"42":{"start":{"line":133,"column":16},"end":{"line":137,"column":36},"skip":true},"43":{"start":{"line":134,"column":20},"end":{"line":136,"column":55},"skip":true},"44":{"start":{"line":139,"column":16},"end":{"line":139,"column":57},"skip":true},"45":{"start":{"line":143,"column":8},"end":{"line":147,"column":11},"skip":true},"46":{"start":{"line":144,"column":12},"end":{"line":146,"column":15},"skip":true},"47":{"start":{"line":145,"column":16},"end":{"line":145,"column":70},"skip":true},"48":{"start":{"line":149,"column":8},"end":{"line":149,"column":31},"skip":true},"49":{"start":{"line":150,"column":8},"end":{"line":150,"column":14},"skip":true},"50":{"start":{"line":158,"column":8},"end":{"line":158,"column":31},"skip":true},"51":{"start":{"line":160,"column":8},"end":{"line":160,"column":33},"skip":true},"52":{"start":{"line":161,"column":8},"end":{"line":161,"column":37},"skip":true},"53":{"start":{"line":162,"column":8},"end":{"line":162,"column":35},"skip":true},"54":{"start":{"line":164,"column":8},"end":{"line":164,"column":50},"skip":true},"55":{"start":{"line":166,"column":8},"end":{"line":256,"column":2},"skip":true},"56":{"start":{"line":258,"column":8},"end":{"line":286,"column":9},"skip":true},"57":{"start":{"line":259,"column":12},"end":{"line":269,"column":14},"skip":true},"58":{"start":{"line":271,"column":12},"end":{"line":285,"column":19},"skip":true},"59":{"start":{"line":274,"column":20},"end":{"line":274,"column":35},"skip":true},"60":{"start":{"line":275,"column":20},"end":{"line":284,"column":21},"skip":true},"61":{"start":{"line":277,"column":24},"end":{"line":277,"column":64},"skip":true},"62":{"start":{"line":279,"column":24},"end":{"line":279,"column":40},"skip":true},"63":{"start":{"line":281,"column":24},"end":{"line":281,"column":40},"skip":true},"64":{"start":{"line":283,"column":24},"end":{"line":283,"column":39},"skip":true},"65":{"start":{"line":288,"column":8},"end":{"line":290,"column":9},"skip":true},"66":{"start":{"line":289,"column":12},"end":{"line":289,"column":18},"skip":true},"67":{"start":{"line":291,"column":8},"end":{"line":293,"column":54},"skip":true},"68":{"start":{"line":296,"column":8},"end":{"line":301,"column":37},"skip":true},"69":{"start":{"line":303,"column":8},"end":{"line":303,"column":82},"skip":true},"70":{"start":{"line":306,"column":8},"end":{"line":308,"column":9},"skip":true},"71":{"start":{"line":307,"column":12},"end":{"line":307,"column":82},"skip":true},"72":{"start":{"line":310,"column":8},"end":{"line":312,"column":9},"skip":true},"73":{"start":{"line":311,"column":12},"end":{"line":311,"column":18},"skip":true},"74":{"start":{"line":313,"column":8},"end":{"line":313,"column":54},"skip":true},"75":{"start":{"line":314,"column":8},"end":{"line":314,"column":69},"skip":true},"76":{"start":{"line":315,"column":8},"end":{"line":323,"column":36},"skip":true},"77":{"start":{"line":316,"column":12},"end":{"line":316,"column":61},"skip":true},"78":{"start":{"line":317,"column":12},"end":{"line":320,"column":13},"skip":true},"79":{"start":{"line":318,"column":16},"end":{"line":318,"column":75},"skip":true},"80":{"start":{"line":319,"column":16},"end":{"line":319,"column":23},"skip":true},"81":{"start":{"line":321,"column":12},"end":{"line":321,"column":38},"skip":true},"82":{"start":{"line":322,"column":12},"end":{"line":322,"column":27},"skip":true},"83":{"start":{"line":324,"column":8},"end":{"line":324,"column":14},"skip":true}},"branchMap":{"1":{"line":39,"type":"binary-expr","locations":[{"start":{"line":39,"column":23},"end":{"line":39,"column":62}},{"start":{"line":40,"column":20},"end":{"line":40,"column":70}},{"start":{"line":41,"column":20},"end":{"line":41,"column":71}},{"start":{"line":42,"column":20},"end":{"line":42,"column":29}}]},"2":{"line":44,"type":"binary-expr","locations":[{"start":{"line":44,"column":23},"end":{"line":44,"column":37}},{"start":{"line":45,"column":20},"end":{"line":45,"column":61}},{"start":{"line":46,"column":20},"end":{"line":46,"column":70}},{"start":{"line":47,"column":20},"end":{"line":47,"column":26}}]},"3":{"line":51,"type":"cond-expr","locations":[{"start":{"line":52,"column":14},"end":{"line":52,"column":20}},{"start":{"line":53,"column":14},"end":{"line":53,"column":20}}]},"4":{"line":55,"type":"binary-expr","locations":[{"start":{"line":55,"column":16},"end":{"line":55,"column":44}},{"start":{"line":55,"column":49},"end":{"line":57,"column":43}}]},"5":{"line":55,"type":"cond-expr","locations":[{"start":{"line":56,"column":14},"end":{"line":56,"column":55}},{"start":{"line":57,"column":14},"end":{"line":57,"column":43}}]},"6":{"line":61,"type":"switch","locations":[{"start":{"line":68,"column":4},"end":{"line":150,"column":14},"skip":true},{"start":{"line":156,"column":4},"end":{"line":324,"column":14},"skip":true}]},"7":{"line":70,"type":"if","locations":[{"start":{"line":70,"column":12},"end":{"line":70,"column":12},"skip":true},{"start":{"line":70,"column":12},"end":{"line":70,"column":12},"skip":true}]},"8":{"line":70,"type":"binary-expr","locations":[{"start":{"line":70,"column":16},"end":{"line":70,"column":22},"skip":true},{"start":{"line":70,"column":27},"end":{"line":70,"column":32},"skip":true},{"start":{"line":71,"column":20},"end":{"line":71,"column":39},"skip":true},{"start":{"line":72,"column":20},"end":{"line":72,"column":49},"skip":true},{"start":{"line":73,"column":20},"end":{"line":73,"column":58},"skip":true},{"start":{"line":74,"column":20},"end":{"line":74,"column":69},"skip":true}]},"9":{"line":79,"type":"switch","locations":[{"start":{"line":80,"column":20},"end":{"line":80,"column":33},"skip":true},{"start":{"line":81,"column":20},"end":{"line":83,"column":30},"skip":true},{"start":{"line":84,"column":20},"end":{"line":85,"column":49},"skip":true}]},"10":{"line":89,"type":"switch","locations":[{"start":{"line":90,"column":12},"end":{"line":103,"column":22},"skip":true},{"start":{"line":105,"column":12},"end":{"line":106,"column":22},"skip":true}]},"11":{"line":89,"type":"binary-expr","locations":[{"start":{"line":89,"column":20},"end":{"line":89,"column":25},"skip":true},{"start":{"line":89,"column":29},"end":{"line":89,"column":48},"skip":true},{"start":{"line":89,"column":52},"end":{"line":89,"column":74},"skip":true}]},"12":{"line":92,"type":"if","locations":[{"start":{"line":92,"column":16},"end":{"line":92,"column":16},"skip":true},{"start":{"line":92,"column":16},"end":{"line":92,"column":16},"skip":true}]},"13":{"line":108,"type":"if","locations":[{"start":{"line":108,"column":12},"end":{"line":108,"column":12},"skip":true},{"start":{"line":108,"column":12},"end":{"line":108,"column":12},"skip":true}]},"14":{"line":108,"type":"binary-expr","locations":[{"start":{"line":108,"column":16},"end":{"line":108,"column":61},"skip":true},{"start":{"line":108,"column":66},"end":{"line":108,"column":72},"skip":true},{"start":{"line":108,"column":77},"end":{"line":108,"column":82},"skip":true},{"start":{"line":109,"column":20},"end":{"line":109,"column":39},"skip":true},{"start":{"line":110,"column":20},"end":{"line":110,"column":49},"skip":true},{"start":{"line":111,"column":20},"end":{"line":111,"column":58},"skip":true},{"start":{"line":112,"column":20},"end":{"line":112,"column":68},"skip":true}]},"15":{"line":129,"type":"if","locations":[{"start":{"line":129,"column":16},"end":{"line":129,"column":16},"skip":true},{"start":{"line":129,"column":16},"end":{"line":129,"column":16},"skip":true}]},"16":{"line":134,"type":"cond-expr","locations":[{"start":{"line":135,"column":26},"end":{"line":135,"column":29},"skip":true},{"start":{"line":136,"column":26},"end":{"line":136,"column":54},"skip":true}]},"17":{"line":164,"type":"binary-expr","locations":[{"start":{"line":164,"column":27},"end":{"line":164,"column":43},"skip":true},{"start":{"line":164,"column":47},"end":{"line":164,"column":49},"skip":true}]},"18":{"line":258,"type":"if","locations":[{"start":{"line":258,"column":8},"end":{"line":258,"column":8},"skip":true},{"start":{"line":258,"column":8},"end":{"line":258,"column":8},"skip":true}]},"19":{"line":275,"type":"switch","locations":[{"start":{"line":276,"column":20},"end":{"line":277,"column":64},"skip":true},{"start":{"line":278,"column":20},"end":{"line":279,"column":40},"skip":true},{"start":{"line":280,"column":20},"end":{"line":281,"column":40},"skip":true},{"start":{"line":282,"column":20},"end":{"line":283,"column":39},"skip":true}]},"20":{"line":288,"type":"if","locations":[{"start":{"line":288,"column":8},"end":{"line":288,"column":8},"skip":true},{"start":{"line":288,"column":8},"end":{"line":288,"column":8},"skip":true}]},"21":{"line":288,"type":"binary-expr","locations":[{"start":{"line":288,"column":12},"end":{"line":288,"column":40},"skip":true},{"start":{"line":288,"column":44},"end":{"line":288,"column":67},"skip":true}]},"22":{"line":292,"type":"binary-expr","locations":[{"start":{"line":292,"column":12},"end":{"line":292,"column":50},"skip":true},{"start":{"line":293,"column":12},"end":{"line":293,"column":53},"skip":true}]},"23":{"line":297,"type":"binary-expr","locations":[{"start":{"line":297,"column":12},"end":{"line":297,"column":69},"skip":true},{"start":{"line":298,"column":12},"end":{"line":301,"column":36},"skip":true}]},"24":{"line":303,"type":"binary-expr","locations":[{"start":{"line":303,"column":43},"end":{"line":303,"column":75},"skip":true},{"start":{"line":303,"column":79},"end":{"line":303,"column":81},"skip":true}]},"25":{"line":306,"type":"if","locations":[{"start":{"line":306,"column":8},"end":{"line":306,"column":8},"skip":true},{"start":{"line":306,"column":8},"end":{"line":306,"column":8},"skip":true}]},"26":{"line":310,"type":"if","locations":[{"start":{"line":310,"column":8},"end":{"line":310,"column":8},"skip":true},{"start":{"line":310,"column":8},"end":{"line":310,"column":8},"skip":true}]},"27":{"line":313,"type":"binary-expr","locations":[{"start":{"line":313,"column":27},"end":{"line":313,"column":43},"skip":true},{"start":{"line":313,"column":47},"end":{"line":313,"column":53},"skip":true}]},"28":{"line":317,"type":"if","locations":[{"start":{"line":317,"column":12},"end":{"line":317,"column":12},"skip":true},{"start":{"line":317,"column":12},"end":{"line":317,"column":12},"skip":true}]}},"code":["/*","example.js","","quickstart example","","instruction","    1. save this script as example.js","    2. run the shell command:","        $ npm install npmtest-level-store && PORT=8081 node example.js","    3. play with the browser-demo on http://127.0.0.1:8081","*/","","","","/* istanbul instrument in package npmtest_level_store */","/*jslint","    bitwise: true,","    browser: true,","    maxerr: 8,","    maxlen: 96,","    node: true,","    nomen: true,","    regexp: true,","    stupid: true","*/","(function () {","    'use strict';","    var local;","","","","    // run shared js-env code - pre-init","    (function () {","        // init local","        local = {};","        // init modeJs","        local.modeJs = (function () {","            try {","                return typeof navigator.userAgent === 'string' &&","                    typeof document.querySelector('body') === 'object' &&","                    typeof XMLHttpRequest.prototype.open === 'function' &&","                    'browser';","            } catch (errorCaughtBrowser) {","                return module.exports &&","                    typeof process.versions.node === 'string' &&","                    typeof require('http').createServer === 'function' &&","                    'node';","            }","        }());","        // init global","        local.global = local.modeJs === 'browser'","            ? window","            : global;","        // init utility2_rollup","        local = local.global.utility2_rollup || (local.modeJs === 'browser'","            ? local.global.utility2_npmtest_level_store","            : global.utility2_moduleExports);","        // export local","        local.global.local = local;","    }());","    switch (local.modeJs) {","","","","    // post-init","    // run browser js-env code - post-init","    /* istanbul ignore next */","    case 'browser':","        local.testRunBrowser = function (event) {","            if (!event || (event &&","                    event.currentTarget &&","                    event.currentTarget.className &&","                    event.currentTarget.className.includes &&","                    event.currentTarget.className.includes('onreset'))) {","                // reset output","                Array.from(","                    document.querySelectorAll('body > .resettable')","                ).forEach(function (element) {","                    switch (element.tagName) {","                    case 'INPUT':","                    case 'TEXTAREA':","                        element.value = '';","                        break;","                    default:","                        element.textContent = '';","                    }","                });","            }","            switch (event && event.currentTarget && event.currentTarget.id) {","            case 'testRunButton1':","                // show tests","                if (document.querySelector('#testReportDiv1').style.display === 'none') {","                    document.querySelector('#testReportDiv1').style.display = 'block';","                    document.querySelector('#testRunButton1').textContent =","                        'hide internal test';","                    local.modeTest = true;","                    local.testRunDefault(local);","                // hide tests","                } else {","                    document.querySelector('#testReportDiv1').style.display = 'none';","                    document.querySelector('#testRunButton1').textContent = 'run internal test';","                }","                break;","            // custom-case","            default:","                break;","            }","            if (document.querySelector('#inputTextareaEval1') && (!event || (event &&","                    event.currentTarget &&","                    event.currentTarget.className &&","                    event.currentTarget.className.includes &&","                    event.currentTarget.className.includes('oneval')))) {","                // try to eval input-code","                try {","                    /*jslint evil: true*/","                    eval(document.querySelector('#inputTextareaEval1').value);","                } catch (errorCaught) {","                    console.error(errorCaught);","                }","            }","        };","        // log stderr and stdout to #outputTextareaStdout1","        ['error', 'log'].forEach(function (key) {","            console[key + '_original'] = console[key];","            console[key] = function () {","                var element;","                console[key + '_original'].apply(console, arguments);","                element = document.querySelector('#outputTextareaStdout1');","                if (!element) {","                    return;","                }","                // append text to #outputTextareaStdout1","                element.value += Array.from(arguments).map(function (arg) {","                    return typeof arg === 'string'","                        ? arg","                        : JSON.stringify(arg, null, 4);","                }).join(' ') + '\\n';","                // scroll textarea to bottom","                element.scrollTop = element.scrollHeight;","            };","        });","        // init event-handling","        ['change', 'click', 'keyup'].forEach(function (event) {","            Array.from(document.querySelectorAll('.on' + event)).forEach(function (element) {","                element.addEventListener(event, local.testRunBrowser);","            });","        });","        // run tests","        local.testRunBrowser();","        break;","","","","    // run node js-env code - post-init","    /* istanbul ignore next */","    case 'node':","        // export local","        module.exports = local;","        // require modules","        local.fs = require('fs');","        local.http = require('http');","        local.url = require('url');","        // init assets","        local.assetsDict = local.assetsDict || {};","        /* jslint-ignore-begin */","        local.assetsDict['/assets.index.template.html'] = '\\","<!doctype html>\\n\\","<html lang=\"en\">\\n\\","<head>\\n\\","<meta charset=\"UTF-8\">\\n\\","<meta name=\"viewport\" content=\"width=device-width, initial-scale=1\">\\n\\","<title>{{env.npm_package_name}} (v{{env.npm_package_version}})</title>\\n\\","<style>\\n\\","/*csslint\\n\\","    box-sizing: false,\\n\\","    universal-selector: false\\n\\","*/\\n\\","* {\\n\\","    box-sizing: border-box;\\n\\","}\\n\\","body {\\n\\","    background: #dde;\\n\\","    font-family: Arial, Helvetica, sans-serif;\\n\\","    margin: 2rem;\\n\\","}\\n\\","body > * {\\n\\","    margin-bottom: 1rem;\\n\\","}\\n\\",".utility2FooterDiv {\\n\\","    margin-top: 20px;\\n\\","    text-align: center;\\n\\","}\\n\\","</style>\\n\\","<style>\\n\\","/*csslint\\n\\","*/\\n\\","textarea {\\n\\","    font-family: monospace;\\n\\","    height: 10rem;\\n\\","    width: 100%;\\n\\","}\\n\\","textarea[readonly] {\\n\\","    background: #ddd;\\n\\","}\\n\\","</style>\\n\\","</head>\\n\\","<body>\\n\\","<!-- utility2-comment\\n\\","<div id=\"ajaxProgressDiv1\" style=\"background: #d00; height: 2px; left: 0; margin: 0; padding: 0; position: fixed; top: 0; transition: background 0.5s, width 1.5s; width: 25%;\"></div>\\n\\","utility2-comment -->\\n\\","<h1>\\n\\","<!-- utility2-comment\\n\\","    <a\\n\\","        {{#if env.npm_package_homepage}}\\n\\","        href=\"{{env.npm_package_homepage}}\"\\n\\","        {{/if env.npm_package_homepage}}\\n\\","        target=\"_blank\"\\n\\","    >\\n\\","utility2-comment -->\\n\\","        {{env.npm_package_name}} (v{{env.npm_package_version}})\\n\\","<!-- utility2-comment\\n\\","    </a>\\n\\","utility2-comment -->\\n\\","</h1>\\n\\","<h3>{{env.npm_package_description}}</h3>\\n\\","<!-- utility2-comment\\n\\","<h4><a download href=\"assets.app.js\">download standalone app</a></h4>\\n\\","<button class=\"onclick onreset\" id=\"testRunButton1\">run internal test</button><br>\\n\\","<div id=\"testReportDiv1\" style=\"display: none;\"></div>\\n\\","utility2-comment -->\\n\\","\\n\\","\\n\\","\\n\\","<label>stderr and stdout</label>\\n\\","<textarea class=\"resettable\" id=\"outputTextareaStdout1\" readonly></textarea>\\n\\","<!-- utility2-comment\\n\\","{{#if isRollup}}\\n\\","<script src=\"assets.app.js\"></script>\\n\\","{{#unless isRollup}}\\n\\","utility2-comment -->\\n\\","<script src=\"assets.utility2.rollup.js\"></script>\\n\\","<script src=\"jsonp.utility2._stateInit?callback=window.utility2._stateInit\"></script>\\n\\","<script src=\"assets.npmtest_level_store.rollup.js\"></script>\\n\\","<script src=\"assets.example.js\"></script>\\n\\","<script src=\"assets.test.js\"></script>\\n\\","<!-- utility2-comment\\n\\","{{/if isRollup}}\\n\\","utility2-comment -->\\n\\","<div class=\"utility2FooterDiv\">\\n\\","    [ this app was created with\\n\\","    <a href=\"https://github.com/kaizhu256/node-utility2\" target=\"_blank\">utility2</a>\\n\\","    ]\\n\\","</div>\\n\\","</body>\\n\\","</html>\\n\\","';","        /* jslint-ignore-end */","        if (local.templateRender) {","            local.assetsDict['/'] = local.templateRender(","                local.assetsDict['/assets.index.template.html'],","                {","                    env: local.objectSetDefault(local.env, {","                        npm_package_description: 'the greatest app in the world!',","                        npm_package_name: 'my-app',","                        npm_package_nameAlias: 'my_app',","                        npm_package_version: '0.0.1'","                    })","                }","            );","        } else {","            local.assetsDict['/'] = local.assetsDict['/assets.index.template.html']","                .replace((/\\{\\{env\\.(\\w+?)\\}\\}/g), function (match0, match1) {","                    // jslint-hack","                    String(match0);","                    switch (match1) {","                    case 'npm_package_description':","                        return 'the greatest app in the world!';","                    case 'npm_package_name':","                        return 'my-app';","                    case 'npm_package_nameAlias':","                        return 'my_app';","                    case 'npm_package_version':","                        return '0.0.1';","                    }","                });","        }","        // run the cli","        if (local.global.utility2_rollup || module !== require.main) {","            break;","        }","        local.assetsDict['/assets.example.js'] =","            local.assetsDict['/assets.example.js'] ||","            local.fs.readFileSync(__filename, 'utf8');","        // bug-workaround - long $npm_package_buildCustomOrg","        /* jslint-ignore-begin */","        local.assetsDict['/assets.npmtest_level_store.rollup.js'] =","            local.assetsDict['/assets.npmtest_level_store.rollup.js'] ||","            local.fs.readFileSync(","                local.npmtest_level_store.__dirname + '/lib.npmtest_level_store.js',","                'utf8'","            ).replace((/^#!/), '//');","        /* jslint-ignore-end */","        local.assetsDict['/favicon.ico'] = local.assetsDict['/favicon.ico'] || '';","        // if $npm_config_timeout_exit exists,","        // then exit this process after $npm_config_timeout_exit ms","        if (Number(process.env.npm_config_timeout_exit)) {","            setTimeout(process.exit, Number(process.env.npm_config_timeout_exit));","        }","        // start server","        if (local.global.utility2_serverHttp1) {","            break;","        }","        process.env.PORT = process.env.PORT || '8081';","        console.error('server starting on port ' + process.env.PORT);","        local.http.createServer(function (request, response) {","            request.urlParsed = local.url.parse(request.url);","            if (local.assetsDict[request.urlParsed.pathname] !== undefined) {","                response.end(local.assetsDict[request.urlParsed.pathname]);","                return;","            }","            response.statusCode = 404;","            response.end();","        }).listen(process.env.PORT);","        break;","    }","}());",""],"l":{"26":2,"28":2,"33":2,"35":2,"37":2,"38":2,"39":2,"44":1,"51":2,"55":2,"59":2,"61":2,"69":1,"70":2,"76":2,"79":2,"82":2,"83":2,"85":1,"89":2,"92":1,"93":1,"94":1,"96":1,"97":1,"100":1,"101":1,"103":1,"106":1,"108":2,"114":1,"116":1,"118":1,"123":1,"124":2,"125":2,"126":3,"127":3,"128":3,"129":3,"130":1,"133":3,"134":3,"139":3,"143":1,"144":3,"145":1,"149":1,"150":1,"158":1,"160":1,"161":1,"162":1,"164":1,"166":1,"258":1,"259":1,"271":1,"274":6,"275":6,"277":1,"279":2,"281":1,"283":2,"288":1,"289":1,"291":1,"296":1,"303":1,"306":1,"307":1,"310":1,"311":1,"313":1,"314":1,"315":1,"316":1,"317":1,"318":1,"319":1,"321":1,"322":1,"324":1}},"/home/travis/build/npmtest/node-npmtest-level-store/node_modules/level-store/index.js":{"path":"/home/travis/build/npmtest/node-npmtest-level-store/node_modules/level-store/index.js","s":{"1":1,"2":1,"3":1,"4":1,"5":1,"6":1,"7":1,"8":1,"9":1,"10":1,"11":1,"12":1,"13":0,"14":0,"15":0,"16":0,"17":1,"18":0,"19":0,"20":0,"21":0,"22":0,"23":0,"24":0,"25":1,"26":0,"27":1,"28":0,"29":0,"30":0,"31":0,"32":0,"33":0,"34":0,"35":0,"36":0,"37":0,"38":0,"39":1,"40":0,"41":0,"42":0,"43":0,"44":0,"45":0,"46":0,"47":0,"48":0,"49":0,"50":0,"51":0,"52":0,"53":0,"54":0,"55":0,"56":0,"57":0,"58":0,"59":0,"60":0,"61":0,"62":0,"63":0,"64":1,"65":0,"66":0,"67":0,"68":0,"69":1,"70":0,"71":0,"72":0,"73":0,"74":0,"75":0,"76":1,"77":0,"78":0,"79":0,"80":0,"81":0,"82":0,"83":0,"84":0,"85":0,"86":0,"87":0,"88":0,"89":0,"90":0,"91":0,"92":0,"93":1,"94":0,"95":0,"96":0,"97":0,"98":1,"99":0,"100":0,"101":0,"102":0,"103":0,"104":0,"105":0,"106":0,"107":0,"108":0,"109":0,"110":0,"111":0,"112":0,"113":0,"114":0,"115":0,"116":0,"117":0,"118":0,"119":0,"120":0,"121":0,"122":0,"123":0,"124":0,"125":0,"126":0,"127":0,"128":0,"129":0,"130":0,"131":0,"132":0,"133":0,"134":0,"135":1,"136":0,"137":0,"138":0,"139":0,"140":0,"141":0,"142":0,"143":0,"144":0,"145":0,"146":0,"147":0,"148":0,"149":0,"150":0,"151":1,"152":0,"153":0,"154":0,"155":0,"156":0,"157":0,"158":0,"159":0,"160":0,"161":0,"162":1,"163":0,"164":0,"165":0,"166":0,"167":0,"168":0,"169":0,"170":0,"171":0,"172":0,"173":0,"174":0,"175":0,"176":0,"177":1,"178":0,"179":0,"180":0,"181":0,"182":0,"183":0,"184":0,"185":0,"186":0,"187":0,"188":0,"189":0,"190":1,"191":0,"192":0,"193":0,"194":0,"195":0,"196":0,"197":0,"198":1,"199":0,"200":1,"201":0,"202":0},"b":{"1":[0,0],"2":[0,0],"3":[0,0],"4":[0,0],"5":[0,0],"6":[0,0],"7":[0,0],"8":[0,0],"9":[0,0],"10":[0,0],"11":[0,0],"12":[0,0],"13":[0,0],"14":[0,0],"15":[0,0],"16":[0,0],"17":[0,0],"18":[0,0],"19":[0,0],"20":[0,0],"21":[0,0],"22":[0,0],"23":[0,0],"24":[0,0],"25":[0,0],"26":[0,0,0],"27":[0,0],"28":[0,0],"29":[0,0],"30":[0,0],"31":[0,0,0],"32":[0,0],"33":[0,0],"34":[0,0],"35":[0,0],"36":[0,0],"37":[0,0],"38":[0,0],"39":[0,0,0,0,0,0,0,0],"40":[0,0],"41":[0,0],"42":[0,0],"43":[0,0],"44":[0,0],"45":[0,0],"46":[0,0],"47":[0,0],"48":[0,0],"49":[0,0],"50":[0,0],"51":[0,0],"52":[0,0],"53":[0,0],"54":[0,0],"55":[0,0],"56":[0,0],"57":[0,0],"58":[0,0],"59":[0,0],"60":[0,0]},"f":{"1":0,"2":0,"3":0,"4":0,"5":0,"6":0,"7":0,"8":0,"9":0,"10":0,"11":0,"12":0,"13":0,"14":0,"15":0,"16":0,"17":0,"18":0,"19":0,"20":0,"21":0,"22":0,"23":0,"24":0,"25":0,"26":0,"27":0,"28":0,"29":0},"fnMap":{"1":{"name":"noop","line":13,"loc":{"start":{"line":13,"column":0},"end":{"line":13,"column":17}}},"2":{"name":"Store","line":15,"loc":{"start":{"line":15,"column":0},"end":{"line":15,"column":26}}},"3":{"name":"(anonymous_3)","line":21,"loc":{"start":{"line":21,"column":25},"end":{"line":21,"column":44}}},"4":{"name":"(anonymous_4)","line":23,"loc":{"start":{"line":23,"column":19},"end":{"line":23,"column":42}}},"5":{"name":"(anonymous_5)","line":30,"loc":{"start":{"line":30,"column":24},"end":{"line":30,"column":43}}},"6":{"name":"(anonymous_6)","line":37,"loc":{"start":{"line":37,"column":25},"end":{"line":37,"column":44}}},"7":{"name":"(anonymous_7)","line":47,"loc":{"start":{"line":47,"column":18},"end":{"line":47,"column":30}}},"8":{"name":"(anonymous_8)","line":53,"loc":{"start":{"line":53,"column":17},"end":{"line":53,"column":29}}},"9":{"name":"(anonymous_9)","line":60,"loc":{"start":{"line":60,"column":34},"end":{"line":60,"column":50}}},"10":{"name":"next","line":69,"loc":{"start":{"line":69,"column":3},"end":{"line":69,"column":23}}},"11":{"name":"(anonymous_11)","line":72,"loc":{"start":{"line":72,"column":26},"end":{"line":72,"column":47}}},"12":{"name":"(anonymous_12)","line":99,"loc":{"start":{"line":99,"column":23},"end":{"line":99,"column":37}}},"13":{"name":"(anonymous_13)","line":103,"loc":{"start":{"line":103,"column":16},"end":{"line":103,"column":31}}},"14":{"name":"done","line":109,"loc":{"start":{"line":109,"column":2},"end":{"line":109,"column":22}}},"15":{"name":"(anonymous_15)","line":117,"loc":{"start":{"line":117,"column":36},"end":{"line":117,"column":57}}},"16":{"name":"(anonymous_16)","line":121,"loc":{"start":{"line":121,"column":22},"end":{"line":121,"column":39}}},"17":{"name":"ready","line":144,"loc":{"start":{"line":144,"column":2},"end":{"line":144,"column":23}}},"18":{"name":"(anonymous_18)","line":152,"loc":{"start":{"line":152,"column":35},"end":{"line":152,"column":56}}},"19":{"name":"(anonymous_19)","line":194,"loc":{"start":{"line":194,"column":25},"end":{"line":194,"column":42}}},"20":{"name":"(anonymous_20)","line":213,"loc":{"start":{"line":213,"column":22},"end":{"line":213,"column":47}}},"21":{"name":"(anonymous_21)","line":225,"loc":{"start":{"line":225,"column":16},"end":{"line":225,"column":29}}},"22":{"name":"done","line":236,"loc":{"start":{"line":236,"column":2},"end":{"line":236,"column":22}}},"23":{"name":"(anonymous_23)","line":246,"loc":{"start":{"line":246,"column":23},"end":{"line":246,"column":48}}},"24":{"name":"(anonymous_24)","line":257,"loc":{"start":{"line":257,"column":5},"end":{"line":257,"column":34}}},"25":{"name":"(anonymous_25)","line":267,"loc":{"start":{"line":267,"column":22},"end":{"line":267,"column":54}}},"26":{"name":"(anonymous_26)","line":273,"loc":{"start":{"line":273,"column":16},"end":{"line":273,"column":28}}},"27":{"name":"(anonymous_27)","line":281,"loc":{"start":{"line":281,"column":25},"end":{"line":281,"column":57}}},"28":{"name":"parseIndex","line":291,"loc":{"start":{"line":291,"column":0},"end":{"line":291,"column":33}}},"29":{"name":"(anonymous_29)","line":298,"loc":{"start":{"line":298,"column":28},"end":{"line":298,"column":49}}}},"statementMap":{"1":{"start":{"line":1,"column":0},"end":{"line":1,"column":33}},"2":{"start":{"line":2,"column":0},"end":{"line":2,"column":35}},"3":{"start":{"line":3,"column":0},"end":{"line":3,"column":46}},"4":{"start":{"line":4,"column":0},"end":{"line":4,"column":48}},"5":{"start":{"line":5,"column":0},"end":{"line":5,"column":34}},"6":{"start":{"line":6,"column":0},"end":{"line":6,"column":33}},"7":{"start":{"line":7,"column":0},"end":{"line":7,"column":37}},"8":{"start":{"line":8,"column":0},"end":{"line":8,"column":39}},"9":{"start":{"line":9,"column":0},"end":{"line":9,"column":50}},"10":{"start":{"line":11,"column":0},"end":{"line":11,"column":23}},"11":{"start":{"line":13,"column":0},"end":{"line":13,"column":19}},"12":{"start":{"line":15,"column":0},"end":{"line":19,"column":1}},"13":{"start":{"line":16,"column":2},"end":{"line":16,"column":59}},"14":{"start":{"line":16,"column":32},"end":{"line":16,"column":59}},"15":{"start":{"line":17,"column":2},"end":{"line":17,"column":15}},"16":{"start":{"line":18,"column":2},"end":{"line":18,"column":49}},"17":{"start":{"line":21,"column":0},"end":{"line":28,"column":2}},"18":{"start":{"line":22,"column":2},"end":{"line":22,"column":18}},"19":{"start":{"line":23,"column":2},"end":{"line":27,"column":5}},"20":{"start":{"line":24,"column":4},"end":{"line":24,"column":28}},"21":{"start":{"line":24,"column":13},"end":{"line":24,"column":28}},"22":{"start":{"line":25,"column":4},"end":{"line":25,"column":59}},"23":{"start":{"line":25,"column":17},"end":{"line":25,"column":59}},"24":{"start":{"line":26,"column":4},"end":{"line":26,"column":24}},"25":{"start":{"line":30,"column":0},"end":{"line":35,"column":2}},"26":{"start":{"line":31,"column":2},"end":{"line":34,"column":17}},"27":{"start":{"line":37,"column":0},"end":{"line":58,"column":2}},"28":{"start":{"line":38,"column":2},"end":{"line":38,"column":21}},"29":{"start":{"line":39,"column":2},"end":{"line":43,"column":4}},"30":{"start":{"line":45,"column":2},"end":{"line":45,"column":43}},"31":{"start":{"line":47,"column":2},"end":{"line":51,"column":5}},"32":{"start":{"line":48,"column":4},"end":{"line":48,"column":18}},"33":{"start":{"line":49,"column":4},"end":{"line":49,"column":19}},"34":{"start":{"line":50,"column":4},"end":{"line":50,"column":21}},"35":{"start":{"line":53,"column":2},"end":{"line":55,"column":5}},"36":{"start":{"line":54,"column":4},"end":{"line":54,"column":33}},"37":{"start":{"line":54,"column":17},"end":{"line":54,"column":33}},"38":{"start":{"line":57,"column":2},"end":{"line":57,"column":23}},"39":{"start":{"line":60,"column":0},"end":{"line":97,"column":2}},"40":{"start":{"line":61,"column":2},"end":{"line":61,"column":23}},"41":{"start":{"line":61,"column":13},"end":{"line":61,"column":23}},"42":{"start":{"line":62,"column":2},"end":{"line":64,"column":14}},"43":{"start":{"line":66,"column":2},"end":{"line":66,"column":21}},"44":{"start":{"line":67,"column":2},"end":{"line":67,"column":19}},"45":{"start":{"line":69,"column":2},"end":{"line":94,"column":7}},"46":{"start":{"line":70,"column":4},"end":{"line":70,"column":17}},"47":{"start":{"line":71,"column":4},"end":{"line":71,"column":53}},"48":{"start":{"line":71,"column":13},"end":{"line":71,"column":53}},"49":{"start":{"line":72,"column":4},"end":{"line":93,"column":7}},"50":{"start":{"line":73,"column":6},"end":{"line":76,"column":7}},"51":{"start":{"line":74,"column":8},"end":{"line":74,"column":62}},"52":{"start":{"line":74,"column":46},"end":{"line":74,"column":62}},"53":{"start":{"line":75,"column":8},"end":{"line":75,"column":30}},"54":{"start":{"line":78,"column":6},"end":{"line":78,"column":33}},"55":{"start":{"line":79,"column":6},"end":{"line":79,"column":17}},"56":{"start":{"line":80,"column":6},"end":{"line":80,"column":28}},"57":{"start":{"line":82,"column":6},"end":{"line":82,"column":21}},"58":{"start":{"line":84,"column":6},"end":{"line":92,"column":7}},"59":{"start":{"line":85,"column":8},"end":{"line":85,"column":26}},"60":{"start":{"line":86,"column":8},"end":{"line":88,"column":16}},"61":{"start":{"line":89,"column":8},"end":{"line":89,"column":16}},"62":{"start":{"line":91,"column":8},"end":{"line":91,"column":25}},"63":{"start":{"line":96,"column":2},"end":{"line":96,"column":12}},"64":{"start":{"line":99,"column":0},"end":{"line":115,"column":2}},"65":{"start":{"line":100,"column":2},"end":{"line":100,"column":16}},"66":{"start":{"line":101,"column":2},"end":{"line":101,"column":21}},"67":{"start":{"line":102,"column":2},"end":{"line":107,"column":21}},"68":{"start":{"line":104,"column":6},"end":{"line":104,"column":21}},"69":{"start":{"line":109,"column":2},"end":{"line":114,"column":3}},"70":{"start":{"line":110,"column":4},"end":{"line":110,"column":23}},"71":{"start":{"line":110,"column":16},"end":{"line":110,"column":23}},"72":{"start":{"line":111,"column":4},"end":{"line":111,"column":18}},"73":{"start":{"line":112,"column":4},"end":{"line":113,"column":24}},"74":{"start":{"line":112,"column":13},"end":{"line":112,"column":21}},"75":{"start":{"line":113,"column":9},"end":{"line":113,"column":24}},"76":{"start":{"line":117,"column":0},"end":{"line":150,"column":1}},"77":{"start":{"line":118,"column":2},"end":{"line":118,"column":23}},"78":{"start":{"line":118,"column":13},"end":{"line":118,"column":23}},"79":{"start":{"line":120,"column":2},"end":{"line":120,"column":46}},"80":{"start":{"line":121,"column":2},"end":{"line":126,"column":13}},"81":{"start":{"line":122,"column":4},"end":{"line":125,"column":7}},"82":{"start":{"line":127,"column":2},"end":{"line":127,"column":42}},"83":{"start":{"line":129,"column":2},"end":{"line":129,"column":32}},"84":{"start":{"line":130,"column":2},"end":{"line":130,"column":17}},"85":{"start":{"line":132,"column":2},"end":{"line":135,"column":3}},"86":{"start":{"line":133,"column":4},"end":{"line":133,"column":48}},"87":{"start":{"line":134,"column":4},"end":{"line":134,"column":42}},"88":{"start":{"line":137,"column":2},"end":{"line":142,"column":3}},"89":{"start":{"line":138,"column":4},"end":{"line":139,"column":17}},"90":{"start":{"line":138,"column":26},"end":{"line":138,"column":50}},"91":{"start":{"line":139,"column":9},"end":{"line":139,"column":17}},"92":{"start":{"line":141,"column":4},"end":{"line":141,"column":27}},"93":{"start":{"line":144,"column":2},"end":{"line":147,"column":3}},"94":{"start":{"line":145,"column":4},"end":{"line":145,"column":36}},"95":{"start":{"line":145,"column":13},"end":{"line":145,"column":36}},"96":{"start":{"line":146,"column":4},"end":{"line":146,"column":19}},"97":{"start":{"line":149,"column":2},"end":{"line":149,"column":13}},"98":{"start":{"line":152,"column":0},"end":{"line":211,"column":2}},"99":{"start":{"line":153,"column":2},"end":{"line":153,"column":23}},"100":{"start":{"line":153,"column":13},"end":{"line":153,"column":23}},"101":{"start":{"line":156,"column":2},"end":{"line":156,"column":37}},"102":{"start":{"line":156,"column":17},"end":{"line":156,"column":37}},"103":{"start":{"line":157,"column":2},"end":{"line":157,"column":34}},"104":{"start":{"line":157,"column":15},"end":{"line":157,"column":34}},"105":{"start":{"line":160,"column":2},"end":{"line":160,"column":46}},"106":{"start":{"line":163,"column":2},"end":{"line":163,"column":24}},"107":{"start":{"line":164,"column":2},"end":{"line":169,"column":3}},"108":{"start":{"line":165,"column":4},"end":{"line":165,"column":47}},"109":{"start":{"line":167,"column":4},"end":{"line":168,"column":63}},"110":{"start":{"line":167,"column":39},"end":{"line":167,"column":56}},"111":{"start":{"line":168,"column":9},"end":{"line":168,"column":63}},"112":{"start":{"line":168,"column":45},"end":{"line":168,"column":63}},"113":{"start":{"line":172,"column":2},"end":{"line":172,"column":16}},"114":{"start":{"line":173,"column":2},"end":{"line":179,"column":3}},"115":{"start":{"line":174,"column":4},"end":{"line":174,"column":51}},"116":{"start":{"line":176,"column":4},"end":{"line":178,"column":20}},"117":{"start":{"line":176,"column":39},"end":{"line":176,"column":60}},"118":{"start":{"line":177,"column":9},"end":{"line":178,"column":20}},"119":{"start":{"line":177,"column":45},"end":{"line":177,"column":67}},"120":{"start":{"line":178,"column":9},"end":{"line":178,"column":20}},"121":{"start":{"line":181,"column":2},"end":{"line":185,"column":5}},"122":{"start":{"line":186,"column":2},"end":{"line":186,"column":65}},"123":{"start":{"line":186,"column":26},"end":{"line":186,"column":65}},"124":{"start":{"line":188,"column":2},"end":{"line":190,"column":35}},"125":{"start":{"line":192,"column":2},"end":{"line":192,"column":19}},"126":{"start":{"line":194,"column":2},"end":{"line":210,"column":6}},"127":{"start":{"line":195,"column":4},"end":{"line":195,"column":35}},"128":{"start":{"line":196,"column":4},"end":{"line":196,"column":58}},"129":{"start":{"line":196,"column":26},"end":{"line":196,"column":58}},"130":{"start":{"line":198,"column":4},"end":{"line":198,"column":26}},"131":{"start":{"line":199,"column":4},"end":{"line":209,"column":5}},"132":{"start":{"line":204,"column":6},"end":{"line":208,"column":7}},"133":{"start":{"line":205,"column":8},"end":{"line":205,"column":21}},"134":{"start":{"line":207,"column":8},"end":{"line":207,"column":51}},"135":{"start":{"line":213,"column":0},"end":{"line":244,"column":2}},"136":{"start":{"line":214,"column":2},"end":{"line":217,"column":3}},"137":{"start":{"line":215,"column":4},"end":{"line":215,"column":14}},"138":{"start":{"line":216,"column":4},"end":{"line":216,"column":14}},"139":{"start":{"line":218,"column":2},"end":{"line":218,"column":11}},"140":{"start":{"line":219,"column":2},"end":{"line":219,"column":21}},"141":{"start":{"line":220,"column":2},"end":{"line":220,"column":19}},"142":{"start":{"line":222,"column":2},"end":{"line":234,"column":7}},"143":{"start":{"line":226,"column":6},"end":{"line":226,"column":18}},"144":{"start":{"line":227,"column":6},"end":{"line":233,"column":7}},"145":{"start":{"line":228,"column":8},"end":{"line":228,"column":29}},"146":{"start":{"line":228,"column":19},"end":{"line":228,"column":29}},"147":{"start":{"line":229,"column":8},"end":{"line":229,"column":21}},"148":{"start":{"line":231,"column":8},"end":{"line":231,"column":29}},"149":{"start":{"line":231,"column":19},"end":{"line":231,"column":29}},"150":{"start":{"line":232,"column":8},"end":{"line":232,"column":18}},"151":{"start":{"line":236,"column":2},"end":{"line":243,"column":3}},"152":{"start":{"line":237,"column":4},"end":{"line":237,"column":23}},"153":{"start":{"line":237,"column":16},"end":{"line":237,"column":23}},"154":{"start":{"line":238,"column":4},"end":{"line":238,"column":18}},"155":{"start":{"line":239,"column":4},"end":{"line":239,"column":28}},"156":{"start":{"line":239,"column":13},"end":{"line":239,"column":28}},"157":{"start":{"line":240,"column":4},"end":{"line":240,"column":57}},"158":{"start":{"line":240,"column":15},"end":{"line":240,"column":57}},"159":{"start":{"line":241,"column":4},"end":{"line":241,"column":56}},"160":{"start":{"line":241,"column":29},"end":{"line":241,"column":56}},"161":{"start":{"line":242,"column":4},"end":{"line":242,"column":19}},"162":{"start":{"line":246,"column":0},"end":{"line":265,"column":2}},"163":{"start":{"line":247,"column":2},"end":{"line":247,"column":18}},"164":{"start":{"line":248,"column":2},"end":{"line":251,"column":3}},"165":{"start":{"line":249,"column":4},"end":{"line":249,"column":14}},"166":{"start":{"line":250,"column":4},"end":{"line":250,"column":14}},"167":{"start":{"line":252,"column":2},"end":{"line":252,"column":41}},"168":{"start":{"line":254,"column":2},"end":{"line":264,"column":5}},"169":{"start":{"line":258,"column":4},"end":{"line":258,"column":28}},"170":{"start":{"line":258,"column":13},"end":{"line":258,"column":28}},"171":{"start":{"line":260,"column":4},"end":{"line":260,"column":62}},"172":{"start":{"line":261,"column":4},"end":{"line":261,"column":58}},"173":{"start":{"line":261,"column":26},"end":{"line":261,"column":58}},"174":{"start":{"line":262,"column":4},"end":{"line":262,"column":40}},"175":{"start":{"line":262,"column":21},"end":{"line":262,"column":40}},"176":{"start":{"line":263,"column":4},"end":{"line":263,"column":20}},"177":{"start":{"line":267,"column":0},"end":{"line":279,"column":2}},"178":{"start":{"line":268,"column":2},"end":{"line":271,"column":3}},"179":{"start":{"line":269,"column":4},"end":{"line":269,"column":14}},"180":{"start":{"line":270,"column":4},"end":{"line":270,"column":14}},"181":{"start":{"line":272,"column":2},"end":{"line":272,"column":23}},"182":{"start":{"line":272,"column":13},"end":{"line":272,"column":23}},"183":{"start":{"line":273,"column":2},"end":{"line":273,"column":31}},"184":{"start":{"line":273,"column":11},"end":{"line":273,"column":31}},"185":{"start":{"line":274,"column":2},"end":{"line":274,"column":45}},"186":{"start":{"line":275,"column":2},"end":{"line":275,"column":21}},"187":{"start":{"line":276,"column":2},"end":{"line":276,"column":21}},"188":{"start":{"line":277,"column":2},"end":{"line":277,"column":18}},"189":{"start":{"line":278,"column":2},"end":{"line":278,"column":11}},"190":{"start":{"line":281,"column":0},"end":{"line":289,"column":2}},"191":{"start":{"line":282,"column":2},"end":{"line":285,"column":3}},"192":{"start":{"line":283,"column":4},"end":{"line":283,"column":14}},"193":{"start":{"line":284,"column":4},"end":{"line":284,"column":14}},"194":{"start":{"line":286,"column":2},"end":{"line":286,"column":23}},"195":{"start":{"line":286,"column":13},"end":{"line":286,"column":23}},"196":{"start":{"line":287,"column":2},"end":{"line":287,"column":21}},"197":{"start":{"line":288,"column":2},"end":{"line":288,"column":33}},"198":{"start":{"line":291,"column":0},"end":{"line":296,"column":1}},"199":{"start":{"line":292,"column":2},"end":{"line":295,"column":4}},"200":{"start":{"line":298,"column":0},"end":{"line":303,"column":2}},"201":{"start":{"line":299,"column":2},"end":{"line":301,"column":17}},"202":{"start":{"line":302,"column":2},"end":{"line":302,"column":36}}},"branchMap":{"1":{"line":16,"type":"if","locations":[{"start":{"line":16,"column":2},"end":{"line":16,"column":2}},{"start":{"line":16,"column":2},"end":{"line":16,"column":2}}]},"2":{"line":18,"type":"binary-expr","locations":[{"start":{"line":18,"column":15},"end":{"line":18,"column":33}},{"start":{"line":18,"column":37},"end":{"line":18,"column":48}}]},"3":{"line":18,"type":"binary-expr","locations":[{"start":{"line":18,"column":16},"end":{"line":18,"column":20}},{"start":{"line":18,"column":24},"end":{"line":18,"column":26}}]},"4":{"line":24,"type":"if","locations":[{"start":{"line":24,"column":4},"end":{"line":24,"column":4}},{"start":{"line":24,"column":4},"end":{"line":24,"column":4}}]},"5":{"line":25,"type":"if","locations":[{"start":{"line":25,"column":4},"end":{"line":25,"column":4}},{"start":{"line":25,"column":4},"end":{"line":25,"column":4}}]},"6":{"line":34,"type":"binary-expr","locations":[{"start":{"line":34,"column":5},"end":{"line":34,"column":7}},{"start":{"line":34,"column":11},"end":{"line":34,"column":15}}]},"7":{"line":54,"type":"if","locations":[{"start":{"line":54,"column":4},"end":{"line":54,"column":4}},{"start":{"line":54,"column":4},"end":{"line":54,"column":4}}]},"8":{"line":61,"type":"if","locations":[{"start":{"line":61,"column":2},"end":{"line":61,"column":2}},{"start":{"line":61,"column":2},"end":{"line":61,"column":2}}]},"9":{"line":62,"type":"cond-expr","locations":[{"start":{"line":63,"column":6},"end":{"line":63,"column":12}},{"start":{"line":64,"column":6},"end":{"line":64,"column":13}}]},"10":{"line":71,"type":"if","locations":[{"start":{"line":71,"column":4},"end":{"line":71,"column":4}},{"start":{"line":71,"column":4},"end":{"line":71,"column":4}}]},"11":{"line":71,"type":"cond-expr","locations":[{"start":{"line":71,"column":31},"end":{"line":71,"column":36}},{"start":{"line":71,"column":38},"end":{"line":71,"column":45}}]},"12":{"line":73,"type":"if","locations":[{"start":{"line":73,"column":6},"end":{"line":73,"column":6}},{"start":{"line":73,"column":6},"end":{"line":73,"column":6}}]},"13":{"line":74,"type":"if","locations":[{"start":{"line":74,"column":8},"end":{"line":74,"column":8}},{"start":{"line":74,"column":8},"end":{"line":74,"column":8}}]},"14":{"line":84,"type":"if","locations":[{"start":{"line":84,"column":6},"end":{"line":84,"column":6}},{"start":{"line":84,"column":6},"end":{"line":84,"column":6}}]},"15":{"line":110,"type":"if","locations":[{"start":{"line":110,"column":4},"end":{"line":110,"column":4}},{"start":{"line":110,"column":4},"end":{"line":110,"column":4}}]},"16":{"line":112,"type":"if","locations":[{"start":{"line":112,"column":4},"end":{"line":112,"column":4}},{"start":{"line":112,"column":4},"end":{"line":112,"column":4}}]},"17":{"line":118,"type":"if","locations":[{"start":{"line":118,"column":2},"end":{"line":118,"column":2}},{"start":{"line":118,"column":2},"end":{"line":118,"column":2}}]},"18":{"line":132,"type":"if","locations":[{"start":{"line":132,"column":2},"end":{"line":132,"column":2}},{"start":{"line":132,"column":2},"end":{"line":132,"column":2}}]},"19":{"line":137,"type":"if","locations":[{"start":{"line":137,"column":2},"end":{"line":137,"column":2}},{"start":{"line":137,"column":2},"end":{"line":137,"column":2}}]},"20":{"line":138,"type":"if","locations":[{"start":{"line":138,"column":4},"end":{"line":138,"column":4}},{"start":{"line":138,"column":4},"end":{"line":138,"column":4}}]},"21":{"line":145,"type":"if","locations":[{"start":{"line":145,"column":4},"end":{"line":145,"column":4}},{"start":{"line":145,"column":4},"end":{"line":145,"column":4}}]},"22":{"line":153,"type":"if","locations":[{"start":{"line":153,"column":2},"end":{"line":153,"column":2}},{"start":{"line":153,"column":2},"end":{"line":153,"column":2}}]},"23":{"line":156,"type":"if","locations":[{"start":{"line":156,"column":2},"end":{"line":156,"column":2}},{"start":{"line":156,"column":2},"end":{"line":156,"column":2}}]},"24":{"line":157,"type":"if","locations":[{"start":{"line":157,"column":2},"end":{"line":157,"column":2}},{"start":{"line":157,"column":2},"end":{"line":157,"column":2}}]},"25":{"line":164,"type":"if","locations":[{"start":{"line":164,"column":2},"end":{"line":164,"column":2}},{"start":{"line":164,"column":2},"end":{"line":164,"column":2}}]},"26":{"line":164,"type":"binary-expr","locations":[{"start":{"line":164,"column":6},"end":{"line":164,"column":18}},{"start":{"line":164,"column":23},"end":{"line":164,"column":30}},{"start":{"line":164,"column":34},"end":{"line":164,"column":42}}]},"27":{"line":165,"type":"binary-expr","locations":[{"start":{"line":165,"column":26},"end":{"line":165,"column":33}},{"start":{"line":165,"column":37},"end":{"line":165,"column":45}}]},"28":{"line":167,"type":"if","locations":[{"start":{"line":167,"column":4},"end":{"line":167,"column":4}},{"start":{"line":167,"column":4},"end":{"line":167,"column":4}}]},"29":{"line":168,"type":"if","locations":[{"start":{"line":168,"column":9},"end":{"line":168,"column":9}},{"start":{"line":168,"column":9},"end":{"line":168,"column":9}}]},"30":{"line":173,"type":"if","locations":[{"start":{"line":173,"column":2},"end":{"line":173,"column":2}},{"start":{"line":173,"column":2},"end":{"line":173,"column":2}}]},"31":{"line":173,"type":"binary-expr","locations":[{"start":{"line":173,"column":6},"end":{"line":173,"column":18}},{"start":{"line":173,"column":23},"end":{"line":173,"column":30}},{"start":{"line":173,"column":34},"end":{"line":173,"column":42}}]},"32":{"line":174,"type":"binary-expr","locations":[{"start":{"line":174,"column":30},"end":{"line":174,"column":37}},{"start":{"line":174,"column":41},"end":{"line":174,"column":49}}]},"33":{"line":176,"type":"if","locations":[{"start":{"line":176,"column":4},"end":{"line":176,"column":4}},{"start":{"line":176,"column":4},"end":{"line":176,"column":4}}]},"34":{"line":177,"type":"if","locations":[{"start":{"line":177,"column":9},"end":{"line":177,"column":9}},{"start":{"line":177,"column":9},"end":{"line":177,"column":9}}]},"35":{"line":186,"type":"if","locations":[{"start":{"line":186,"column":2},"end":{"line":186,"column":2}},{"start":{"line":186,"column":2},"end":{"line":186,"column":2}}]},"36":{"line":188,"type":"cond-expr","locations":[{"start":{"line":189,"column":6},"end":{"line":189,"column":30}},{"start":{"line":190,"column":6},"end":{"line":190,"column":35}}]},"37":{"line":196,"type":"if","locations":[{"start":{"line":196,"column":4},"end":{"line":196,"column":4}},{"start":{"line":196,"column":4},"end":{"line":196,"column":4}}]},"38":{"line":199,"type":"if","locations":[{"start":{"line":199,"column":4},"end":{"line":199,"column":4}},{"start":{"line":199,"column":4},"end":{"line":199,"column":4}}]},"39":{"line":199,"type":"binary-expr","locations":[{"start":{"line":199,"column":10},"end":{"line":199,"column":40}},{"start":{"line":199,"column":44},"end":{"line":199,"column":58}},{"start":{"line":200,"column":10},"end":{"line":200,"column":40}},{"start":{"line":200,"column":44},"end":{"line":200,"column":59}},{"start":{"line":201,"column":10},"end":{"line":201,"column":40}},{"start":{"line":201,"column":44},"end":{"line":201,"column":58}},{"start":{"line":202,"column":10},"end":{"line":202,"column":40}},{"start":{"line":202,"column":44},"end":{"line":202,"column":59}}]},"40":{"line":204,"type":"if","locations":[{"start":{"line":204,"column":6},"end":{"line":204,"column":6}},{"start":{"line":204,"column":6},"end":{"line":204,"column":6}}]},"41":{"line":204,"type":"binary-expr","locations":[{"start":{"line":204,"column":10},"end":{"line":204,"column":42}},{"start":{"line":204,"column":46},"end":{"line":204,"column":70}}]},"42":{"line":207,"type":"cond-expr","locations":[{"start":{"line":207,"column":31},"end":{"line":207,"column":36}},{"start":{"line":207,"column":39},"end":{"line":207,"column":49}}]},"43":{"line":214,"type":"if","locations":[{"start":{"line":214,"column":2},"end":{"line":214,"column":2}},{"start":{"line":214,"column":2},"end":{"line":214,"column":2}}]},"44":{"line":227,"type":"if","locations":[{"start":{"line":227,"column":6},"end":{"line":227,"column":6}},{"start":{"line":227,"column":6},"end":{"line":227,"column":6}}]},"45":{"line":228,"type":"if","locations":[{"start":{"line":228,"column":8},"end":{"line":228,"column":8}},{"start":{"line":228,"column":8},"end":{"line":228,"column":8}}]},"46":{"line":231,"type":"if","locations":[{"start":{"line":231,"column":8},"end":{"line":231,"column":8}},{"start":{"line":231,"column":8},"end":{"line":231,"column":8}}]},"47":{"line":237,"type":"if","locations":[{"start":{"line":237,"column":4},"end":{"line":237,"column":4}},{"start":{"line":237,"column":4},"end":{"line":237,"column":4}}]},"48":{"line":239,"type":"if","locations":[{"start":{"line":239,"column":4},"end":{"line":239,"column":4}},{"start":{"line":239,"column":4},"end":{"line":239,"column":4}}]},"49":{"line":240,"type":"if","locations":[{"start":{"line":240,"column":4},"end":{"line":240,"column":4}},{"start":{"line":240,"column":4},"end":{"line":240,"column":4}}]},"50":{"line":241,"type":"if","locations":[{"start":{"line":241,"column":4},"end":{"line":241,"column":4}},{"start":{"line":241,"column":4},"end":{"line":241,"column":4}}]},"51":{"line":248,"type":"if","locations":[{"start":{"line":248,"column":2},"end":{"line":248,"column":2}},{"start":{"line":248,"column":2},"end":{"line":248,"column":2}}]},"52":{"line":258,"type":"if","locations":[{"start":{"line":258,"column":4},"end":{"line":258,"column":4}},{"start":{"line":258,"column":4},"end":{"line":258,"column":4}}]},"53":{"line":261,"type":"if","locations":[{"start":{"line":261,"column":4},"end":{"line":261,"column":4}},{"start":{"line":261,"column":4},"end":{"line":261,"column":4}}]},"54":{"line":262,"type":"if","locations":[{"start":{"line":262,"column":4},"end":{"line":262,"column":4}},{"start":{"line":262,"column":4},"end":{"line":262,"column":4}}]},"55":{"line":268,"type":"if","locations":[{"start":{"line":268,"column":2},"end":{"line":268,"column":2}},{"start":{"line":268,"column":2},"end":{"line":268,"col
[...]
e = require('level-delete-range');","var cap = require('level-capped');","var peek = require('level-peek');","var fix = require('level-fix-range');","var indexes = require('./lib/indexes');","var WriteStream = require('level-ws').WriteStream;","","module.exports = Store;","","function noop () {}","","function Store (db, opts) {","  if (!(this instanceof Store)) return new Store(db, opts);","  this.db = db;","  this.index = (opts || {}).index || 'timestamp';","}","","Store.prototype.delete = function (key, cb) {","  var self = this;","  self.exists(key, function (err, exists) {","    if (err) return cb(err);","    if (!exists) return cb(new Error('Stream not found.'));","    self.reset(key, cb);","  });","};","","Store.prototype.reset = function (key, cb) {","  deleteRange(this.db, {","    start : key + ' ',","    end : key + '~'","  }, cb || noop);","};","","Store.prototype.exists = function (key, cb) {","  var exists = false;","  var opts = {","    start : key + ' ',","    end : key + '~',","    limit : 1","  };","","  var keys = this.db.createKeyStream(opts);","","  keys.on('data', function () {","    exists = true;","    keys.destroy();","    cb(null, exists);","  });","","  keys.on('end', function () {","    if (!exists) cb(null, false);","  });","","  keys.on('error', cb);","};","","Store.prototype.createKeyStream = function (opts) {","  if (!opts) opts = {};","  var method = opts.reverse","    ? 'last'","    : 'first';","","  var tr = through();","  var db = this.db;","","  (function next (key) {","    var cfg = {};","    if (key) cfg[opts.reverse? 'end': 'start'] = key;","    peek[method](db, cfg, function (err, _key) {","      if (err) {","        if (err.message == 'range not found') return tr.end();","        tr.emit('error', err);","      }","","      var segs = _key.split(' ');","      segs.pop();","      _key = segs.join(' ');","","      tr.queue(_key);","","      if (opts.reverse) {","        var k = _key + '';","        k = k.substr(0, k.length - 2)","          + String.fromCharCode(k.charCodeAt(k.length - 1) - 1)","          + '~';","        next(k); ","      } else {","        next(_key + '!');","      }","    });","  })();","","  return tr;  ","};","","Store.prototype.keys = function (cb) {","  var keys = [];","  var called = false;","  this.createKeyStream()","    .on('data', function (key) {","      keys.push(key);","    })","    .on('error', done)","    .on('end', done);","","  function done (err) {","    if (called) return;","    called = true;","    if (err) cb(err);","    else cb(null, keys);","  }","};","","Store.prototype.createWriteStream = function (key, opts) {","  if (!opts) opts = {};","","  var index = this._getIndex(opts.index, key);","  var input = through(function (chunk) {","    this.queue({","      key: index.newKey(),","      value: chunk","    });","  }).pause();","  var ws = new WriteStream(opts, this.db);","","  var dpl = duplexer(input, ws);","  input.pipe(ws);","","  if (typeof opts.capped != 'undefined') {","    var capped = cap(this.db, key, opts.capped);","    ws.on('end', capped.end.bind(capped));","  }","","  if (opts.append) {","    if (index.initialize) index.initialize(ready);","    else ready();","  } else {","    this.reset(key, ready);","  }","","  function ready (err) {","    if (err) dpl.emit('error', err);","    input.resume();","  }","","  return dpl;","}","","Store.prototype.createReadStream = function (key, opts) {","  if (!opts) opts = {};","","  // backwards compatibility","  if (opts.from) opts.gt = opts.from;","  if (opts.to) opts.lte = opts.to;","","  // choose index","  var index = this._getIndex(opts.index, key);","","  // set start","  var start = key + ' ';","  if (index.modKey && (opts.gt || opts.gte)) {","    start += index.modKey(opts.gt || opts.gte);","  } else {","    if (typeof opts.gt != 'undefined') start += opts.gt;","    else if (typeof opts.gte != 'undefined') start += opts.gte;","  }","","  // set end","  var end = key;","  if (index.modKey && (opts.lt || opts.lte)) {","    end += ' ' + index.modKey(opts.lt || opts.lte);","  } else {","    if (typeof opts.lt != 'undefined') end += ' ' + opts.lt;","    else if (typeof opts.lte != 'undefined') end += ' ' + opts.lte;","    else end += '~';","  }","","  var cfg = fix({","    start: start,","    end: end,","    reverse: opts.reverse","  });","  if (opts.valueEncoding) cfg.valueEncoding = opts.valueEncoding;","","  var rs = opts.live","    ? liveStream(this.db, cfg)","    : this.db.createReadStream(cfg)","","  var received = 0;","","  return rs.pipe(through(function (chunk) {","    chunk = parseIndex(key, chunk);","    if (index.parseIndex) chunk = index.parseIndex(chunk);","","    var idx = chunk.index;","    if ( (typeof opts.lt  == 'undefined' || idx <  opts.lt)","      && (typeof opts.lte == 'undefined' || idx <= opts.lte)","      && (typeof opts.gt  == 'undefined' || idx >  opts.gt)","      && (typeof opts.gte == 'undefined' || idx >= opts.gte)","    ) {","      if (typeof opts.limit != 'undefined' && received++ >= opts.limit) {","        rs.destroy();","      } else {","        this.queue(opts.index? chunk : chunk.data);","      }","    }","  }));","};","","Store.prototype.get = function (key, opts, cb) {","  if (typeof opts == 'function') {","    cb = opts;","    opts = {};","  }","  var data;","  var called = false;","  var read = false;","","  this.createReadStream(key, opts)","    .on('error', done)","    .on('end', done)","    .on('data', function (d) {","      read = true;","      if (Buffer.isBuffer(d)) {","        if (!data) data = [];","        data.push(d);","      } else {","        if (!data) data = '';","        data += d;","      }","    });","","  function done (err) {","    if (called) return;","    called = true;","    if (err) return cb(err);","    if (!read) return cb(new Error('Stream not found.'));","    if (Array.isArray(data)) data = Buffer.concat(data);","    cb(null, data);","  }","};","","Store.prototype.head = function (key, opts, cb) {","  var self = this;","  if (typeof opts == 'function') {","    cb = opts;","    opts = {};","  }","  var index = this._getIndex(opts.index);","","  peek.last(self.db, {","    start: key + ' ',","    end: key + '~'","  }, function (err, _key, _value) {","    if (err) return cb(err);","","    var chunk = parseIndex(key, { key: _key, value: _value });","    if (index.parseIndex) chunk = index.parseIndex(chunk);","    if (!opts.index) chunk = chunk.data;","    cb(null, chunk);","  });","};","","Store.prototype.set = function (key, value, opts, cb) {","  if (typeof opts == 'function') {","    cb = opts;","    opts = {};","  }","  if (!opts) opts = {};","  if (!cb) cb = function () {};","  var ws = this.createWriteStream(key, opts);","  ws.on('close', cb);","  ws.on('error', cb);","  ws.write(value);","  ws.end();","};","","Store.prototype.append = function (key, value, opts, cb) {","  if (typeof opts == 'function') {","    cb = opts;","    opts = {};","  }","  if (!opts) opts = {};","  opts.append = true;","  this.set(key, value, opts, cb);","};","","function parseIndex (key, chunk) {","  return {","    index: chunk.key.slice(key.length + 1),","    data: chunk.value","  };","};","","Store.prototype._getIndex = function (name, key) {","  var idx = typeof name === 'string'","    ? name","    : this.index;","  return indexes[idx](this.db, key);","};",""],"l":{"1":1,"2":1,"3":1,"4":1,"5":1,"6":1,"7":1,"8":1,"9":1,"11":1,"13":1,"15":1,"16":0,"17":0,"18":0,"21":1,"22":0,"23":0,"24":0,"25":0,"26":0,"30":1,"31":0,"37":1,"38":0,"39":0,"45":0,"47":0,"48":0,"49":0,"50":0,"53":0,"54":0,"57":0,"60":1,"61":0,"62":0,"66":0,"67":0,"69":0,"70":0,"71":0,"72":0,"73":0,"74":0,"75":0,"78":0,"79":0,"80":0,"82":0,"84":0,"85":0,"86":0,"89":0,"91":0,"96":0,"99":1,"100":0,"101":0,"102":0,"104":0,"109":1,"110":0,"111":0,"112":0,"113":0,"117":1,"118":0,"120":0,"121":0,"122":0,"127":0,"129":0,"130":0,"132":0,"133":0,"134":0,"137":0,"138":0,"139":0,"141":0,"144":1,"145":0,"146":0,"149":0,"152":1,"153":0,"156":0,"157":0,"160":0,"163":0,"164":0,"165":0,"167":0,"168":0,"172":0,"173":0,"174":0,"176":0,"177":0,"178":0,"181":0,"186":0,"188":0,"192":0,"194":0,"195":0,"196":0,"198":0,"199":0,"204":0,"205":0,"207":0,"213":1,"214":0,"215":0,"216":0,"218":0,"219":0,"220":0,"222":0,"226":0,"227":0,"228":0,"229":0,"231":0,"232":0,"236":1,"237":0,"238":0,"239":0,"240":0,"241":0,"242":0,"246":1,"247":0,"248":0,"249":0,"250":0,"252":0,"254":0,"258":0,"260":0,"261":0,"262":0,"263":0,"267":1,"268":0,"269":0,"270":0,"272":0,"273":0,"274":0,"275":0,"276":0,"277":0,"278":0,"281":1,"282":0,"283":0,"284":0,"286":0,"287":0,"288":0,"291":1,"292":0,"298":1,"299":0,"302":0}},"/home/travis/build/npmtest/node-npmtest-level-store/node_modules/level-store/lib/indexes.js":{"path":"/home/travis/build/npmtest/node-npmtest-level-store/node_modules/level-store/lib/indexes.js","s":{"1":1,"2":1,"3":1,"4":1,"5":1,"6":1,"7":1,"8":0,"9":0,"10":0,"11":0,"12":1,"13":0,"14":0,"15":0,"16":0,"17":0,"18":0,"19":0,"20":0,"21":0,"22":0,"23":0,"24":0,"25":0},"b":{"1":[0,0]},"f":{"1":0,"2":0,"3":0,"4":0,"5":0,"6":0,"7":0},"fnMap":{"1":{"name":"(anonymous_1)","line":9,"loc":{"start":{"line":9,"column":20},"end":{"line":9,"column":39}}},"2":{"name":"(anonymous_2)","line":11,"loc":{"start":{"line":11,"column":15},"end":{"line":11,"column":27}}},"3":{"name":"(anonymous_3)","line":17,"loc":{"start":{"line":17,"column":17},"end":{"line":17,"column":36}}},"4":{"name":"(anonymous_4)","line":21,"loc":{"start":{"line":21,"column":15},"end":{"line":21,"column":27}}},"5":{"name":"(anonymous_5)","line":27,"loc":{"start":{"line":27,"column":19},"end":{"line":27,"column":33}}},"6":{"name":"(anonymous_6)","line":32,"loc":{"start":{"line":32,"column":7},"end":{"line":32,"column":31}}},"7":{"name":"(anonymous_7)","line":38,"loc":{"start":{"line":38,"column":19},"end":{"line":38,"column":36}}}},"statementMap":{"1":{"start":{"line":1,"column":0},"end":{"line":1,"column":33}},"2":{"start":{"line":2,"column":0},"end":{"line":2,"column":47}},"3":{"start":{"line":3,"column":0},"end":{"line":3,"column":33}},"4":{"start":{"line":4,"column":0},"end":{"line":4,"column":38}},"5":{"start":{"line":5,"column":0},"end":{"line":5,"column":42}},"6":{"start":{"line":7,"column":0},"end":{"line":7,"column":33}},"7":{"start":{"line":9,"column":0},"end":{"line":15,"column":1}},"8":{"start":{"line":10,"column":2},"end":{"line":10,"column":15}},"9":{"start":{"line":11,"column":2},"end":{"line":13,"column":3}},"10":{"start":{"line":12,"column":4},"end":{"line":12,"column":35}},"11":{"start":{"line":14,"column":2},"end":{"line":14,"column":13}},"12":{"start":{"line":17,"column":0},"end":{"line":46,"column":1}},"13":{"start":{"line":18,"column":2},"end":{"line":18,"column":15}},"14":{"start":{"line":19,"column":2},"end":{"line":19,"column":17}},"15":{"start":{"line":21,"column":2},"end":{"line":23,"column":4}},"16":{"start":{"line":22,"column":4},"end":{"line":22,"column":40}},"17":{"start":{"line":25,"column":2},"end":{"line":25,"column":22}},"18":{"start":{"line":27,"column":2},"end":{"line":36,"column":3}},"19":{"start":{"line":28,"column":4},"end":{"line":35,"column":7}},"20":{"start":{"line":33,"column":6},"end":{"line":33,"column":66}},"21":{"start":{"line":33,"column":16},"end":{"line":33,"column":66}},"22":{"start":{"line":34,"column":6},"end":{"line":34,"column":15}},"23":{"start":{"line":38,"column":2},"end":{"line":43,"column":3}},"24":{"start":{"line":39,"column":4},"end":{"line":42,"column":6}},"25":{"start":{"line":45,"column":2},"end":{"line":45,"column":13}}},"branchMap":{"1":{"line":33,"type":"if","locations":[{"start":{"line":33,"column":6},"end":{"line":33,"column":6}},{"start":{"line":33,"column":6},"end":{"line":33,"column":6}}]}},"code":["var through = require('through');","var timestamp = require('monotonic-timestamp');","var peek = require('level-peek');","var padHex = require('./util').padHex;","var unpadHex = require('./util').unpadHex;","","var indexes = module.exports = {}","","indexes.timestamp = function (db, key) {","  var idx = {};","  idx.newKey = function () {","    return key + ' ' + timestamp();","  }","  return idx;","}","","indexes.chunks = function (db, key) {","  var idx = {};","  var chunks = 0;","","  idx.newKey = function () {","    return key + ' ' + padHex(chunks++);","  };","","  idx.modKey = padHex;","","  idx.initialize = function (cb) {","    peek.last(db, {","      reverse : true,","      start : key + ' ',","      end : key + '~'","    }, function (err, lastKey) {","      if (!err) chunks = unpadHex(lastKey.substr(key.length + 1));","      cb(null);","    });","  }","","  idx.parseIndex = function (chunk) {","    return {","      index: unpadHex(chunk.index),","      data: chunk.data","    };","  }","","  return idx;","}","",""],"l":{"1":1,"2":1,"3":1,"4":1,"5":1,"7":1,"9":1,"10":0,"11":0,"12":0,"14":0,"17":1,"18":0,"19":0,"21":0,"22":0,"25":0,"27":0,"28":0,"33":0,"34":0,"38":0,"39":0,"45":0}},"/home/travis/build/npmtest/node-npmtest-level-store/node_modules/level-store/lib/util.js":{"path":"/home/travis/build/npmtest/node-npmtest-level-store/node_modules/level-store/lib/util.js","s":{"1":1,"2":1,"3":1,"4":0,"5":0,"6":0,"7":0,"8":1,"9":0},"b":{"1":[0,0]},"f":{"1":0,"2":0},"fnMap":{"1":{"name":"(anonymous_1)","line":5,"loc":{"start":{"line":5,"column":14},"end":{"line":5,"column":29}}},"2":{"name":"(anonymous_2)","line":11,"loc":{"start":{"line":11,"column":16},"end":{"line":11,"column":34}}}},"statementMap":{"1":{"start":{"line":1,"column":0},"end":{"line":1,"column":31}},"2":{"start":{"line":3,"column":0},"end":{"line":3,"column":23}},"3":{"start":{"line":5,"column":0},"end":{"line":9,"column":2}},"4":{"start":{"line":6,"column":2},"end":{"line":6,"column":62}},"5":{"start":{"line":6,"column":22},"end":{"line":6,"column":62}},"6":{"start":{"line":7,"column":2},"end":{"line":7,"column":29}},"7":{"start":{"line":8,"column":2},"end":{"line":8,"column":43}},"8":{"start":{"line":11,"column":0},"end":{"line":13,"column":2}},"9":{"start":{"line":12,"column":2},"end":{"line":12,"column":55}}},"branchMap":{"1":{"line":6,"type":"if","locations":[{"start":{"line":6,"column":2},"end":{"line":6,"column":2}},{"start":{"line":6,"column":2},"end":{"line":6,"column":2}}]}},"code":["var util = module.exports = {};","","var zeros = '00000000'; //32 bit int","","util.padHex = function (num) {","  if(num !== ~~(num)) throw new Error('must be whole number');","  var str = num.toString(16);","  return zeros.substring(str.length) + str;","};","","util.unpadHex = function (numstr) {","  return parseInt(/0+([0-9a-f]+)/.exec(numstr)[1], 16);","};",""],"l":{"1":1,"3":1,"5":1,"6":0,"7":0,"8":0,"11":1,"12":0}},"/home/travis/build/npmtest/node-npmtest-level-store/node_modules/level-store/bench/read.js":{"path":"/home/travis/build/npmtest/node-npmtest-level-store/node_modules/level-store/bench/read.js","s":{"1":2,"2":0,"3":0,"4":0,"5":0,"6":0,"7":0,"8":0,"9":0,"10":0,"11":0,"12":0,"13":0,"14":0,"15":0},"b":{"1":[0,0]},"f":{"1":0,"2":0,"3":0,"4":0},"fnMap":{"1":{"name":"(anonymous_1)","line":10,"loc":{"start":{"line":10,"column":55},"end":{"line":10,"column":74}}},"2":{"name":"(anonymous_2)","line":16,"loc":{"start":{"line":16,"column":17},"end":{"line":16,"column":29}}},"3":{"name":"(anonymous_3)","line":17,"loc":{"start":{"line":17,"column":17},"end":{"line":17,"column":33}}},"4":{"name":"(anonymous_4)","line":21,"loc":{"start":{"line":21,"column":29},"end":{"line":21,"column":43}}}},"statementMap":{"1":{"start":{"line":1,"column":0},"end":{"line":1,"column":25}},"2":{"start":{"line":2,"column":0},"end":{"line":2,"column":26}},"3":{"start":{"line":3,"column":0},"end":{"line":3,"column":29}},"4":{"start":{"line":4,"column":0},"end":{"line":4,"column":23}},"5":{"start":{"line":5,"column":0},"end":{"line":5,"column":31}},"6":{"start":{"line":9,"column":0},"end":{"line":9,"column":32}},"7":{"start":{"line":10,"column":0},"end":{"line":25,"column":3}},"8":{"start":{"line":11,"column":2},"end":{"line":11,"column":21}},"9":{"start":{"line":11,"column":11},"end":{"line":11,"column":21}},"10":{"start":{"line":13,"column":2},"end":{"line":13,"column":24}},"11":{"start":{"line":14,"column":2},"end":{"line":24,"column":7}},"12":{"start":{"line":17,"column":6},"end":{"line":19,"column":8}},"13":{"start":{"line":18,"column":8},"end":{"line":18,"column":56}},"14":{"start":{"line":21,"column":6},"end":{"line":23,"column":9}},"15":{"start":{"line":22,"column":8},"end":{"line":22,"column":57}}},"branchMap":{"1":{"line":11,"type":"if","locations":[{"start":{"line":11,"column":2},"end":{"line":11,"column":2}},{"start":{"line":11,"column":2},"end":{"line":11,"column":2}}]}},"code":["var ben = require('ben');","var Store = require('..');","var level = require('level');","var fs = require('fs');","var rimraf = require('rimraf');","","// ~0.11 ms","","rimraf.sync(__dirname + '/.db');","level(__dirname + '/.db', { valueEncoding: 'binary' }, function (err, db) {","  if (err) throw err;","","  var store = Store(db);","  fs.createReadStream(__dirname + '/cat.jpg')","    .pipe(store.createWriteStream('cat'))","    .on('close', function () {","      var test = function (done) {","        store.createReadStream('cat').on('close', done);","      };","","      ben.async(10000, test, function (ms) {","        console.log('%s milliseconds per iteration', ms);","      });","    });","});",""],"l":{"1":2,"2":0,"3":0,"4":0,"5":0,"9":0,"10":0,"11":0,"13":0,"14":0,"17":0,"18":0,"21":0,"22":0}},"/home/travis/build/npmtest/node-npmtest-level-store/node_modules/level-store/bench/write.js":{"path":"/home/travis/build/npmtest/node-npmtest-level-store/node_modules/level-store/bench/write.js","s":{"1":2,"2":0,"3":0,"4":0,"5":0,"6":0,"7":0,"8":0,"9":0,"10":0,"11":0,"12":0,"13":0,"14":0},"b":{"1":[0,0]},"f":{"1":0,"2":0,"3":0},"fnMap":{"1":{"name":"(anonymous_1)","line":10,"loc":{"start":{"line":10,"column":55},"end":{"line":10,"column":74}}},"2":{"name":"(anonymous_2)","line":15,"loc":{"start":{"line":15,"column":13},"end":{"line":15,"column":29}}},"3":{"name":"(anonymous_3)","line":21,"loc":{"start":{"line":21,"column":24},"end":{"line":21,"column":38}}}},"statementMap":{"1":{"start":{"line":1,"column":0},"end":{"line":1,"column":25}},"2":{"start":{"line":2,"column":0},"end":{"line":2,"column":26}},"3":{"start":{"line":3,"column":0},"end":{"line":3,"column":29}},"4":{"start":{"line":4,"column":0},"end":{"line":4,"column":23}},"5":{"start":{"line":5,"column":0},"end":{"line":5,"column":31}},"6":{"start":{"line":9,"column":0},"end":{"line":9,"column":32}},"7":{"start":{"line":10,"column":0},"end":{"line":24,"column":3}},"8":{"start":{"line":11,"column":2},"end":{"line":11,"column":21}},"9":{"start":{"line":11,"column":11},"end":{"line":11,"column":21}},"10":{"start":{"line":13,"column":2},"end":{"line":13,"column":24}},"11":{"start":{"line":15,"column":2},"end":{"line":19,"column":4}},"12":{"start":{"line":16,"column":4},"end":{"line":18,"column":25}},"13":{"start":{"line":21,"column":2},"end":{"line":23,"column":5}},"14":{"start":{"line":22,"column":4},"end":{"line":22,"column":53}}},"branchMap":{"1":{"line":11,"type":"if","locations":[{"start":{"line":11,"column":2},"end":{"line":11,"column":2}},{"start":{"line":11,"column":2},"end":{"line":11,"column":2}}]}},"code":["var ben = require('ben');","var Store = require('..');","var level = require('level');","var fs = require('fs');","var rimraf = require('rimraf');","","// ~1.32ms","","rimraf.sync(__dirname + '/.db');","level(__dirname + '/.db', { valueEncoding: 'binary' }, function (err, db) {","  if (err) throw err;","","  var store = Store(db);","","  var test = function (done) {","    fs.createReadStream(__dirname + '/cat.jpg')","      .pipe(store.createWriteStream(Math.random()+''))","      .on('close', done);","  };","","  ben.async(1000, test, function (ms) {","    console.log('%s milliseconds per iteration', ms);","  });","});",""],"l":{"1":2,"2":0,"3":0,"4":0,"5":0,"9":0,"10":0,"11":0,"13":0,"15":0,"16":0,"21":0,"22":0}}}